#
# A fatal error has been detected by the Java Runtime Environment:
#
#  EXCEPTION_ACCESS_VIOLATION (0xc0000005) at pc=0x00007ffa89a87151, pid=36240, tid=117900
#
# JRE version: Java(TM) SE Runtime Environment (8.0_91-b14) (build 1.8.0_91-b14)
# Java VM: Java HotSpot(TM) 64-Bit Server VM (25.91-b14 mixed mode windows-amd64 compressed oops)
# Problematic frame:
# C  [ntdll.dll+0x37151]
#
# Failed to write core dump. Minidumps are not enabled by default on client versions of Windows
#
# If you would like to submit a bug report, please visit:
#   http://bugreport.java.com/bugreport/crash.jsp
#

---------------  T H R E A D  ---------------

Current thread (0x000000001eaa8000):  JavaThread "AsyncMessageHandler" daemon [_thread_in_Java, id=117900, stack(0x000000001f830000,0x000000001f930000)]

siginfo: ExceptionCode=0xc0000005, reading address 0x0000000010500001

Registers:
RAX=0x000000001f9300b8, RBX=0x000000001f92ec00, RCX=0x0000000000000000, RDX=0x00000000022d0000
RSP=0x000000001f92e1e0, RBP=0x00000000022d017c, RSI=0x0000000000000000, RDI=0x0000000010500001
R8 =0x0000000010500001, R9 =0x00000000022d0170, R10=0x0000000000000000, R11=0x00000000022d0000
R12=0x0000000000000000, R13=0x000000001f92e310, R14=0x00000000022d0170, R15=0x0000000000000001
RIP=0x00007ffa89a87151, EFLAGS=0x0000000000010297

Top of Stack: (sp=0x000000001f92e1e0)
0x000000001f92e1e0:   000000001afe2c50 00000000021e6010
0x000000001f92e1f0:   0000000000000000 0000000000000000
0x000000001f92e200:   000000001f92e380 0000000066dc596a
0x000000001f92e210:   0000000000000800 000000001e7a5058
0x000000001f92e220:   000000001f92e320 00007ffa89ac1d91
0x000000001f92e230:   00000000005f74d0 00000001800726e0
0x000000001f92e240:   0000000000000000 00007ffa89b92278
0x000000001f92e250:   00000000005f74c0 000000001f930000
0x000000001f92e260:   00007ffa89b92270 00007ffa8970a447
0x000000001f92e270:   0000000000000000 00000000022d0000
0x000000001f92e280:   000000001f92ec00 00000000022d0170
0x000000001f92e290:   000000001f92ec00 000000001f92e318
0x000000001f92e2a0:   000000001f92e310 0000000000000000
0x000000001f92e2b0:   00000000005f74c0 0000000180071280
0x000000001f92e2c0:   000000001f92ec00 000000001f930000
0x000000001f92e2d0:   000000001f92e370 0000000000000003 

Instructions: (pc=0x00007ffa89a87151)
0x00007ffa89a87131:   00 00 48 8b 83 98 00 00 00 49 89 45 00 45 85 e4
0x00007ffa89a87141:   0f 85 82 00 00 00 41 83 ff 02 0f 83 d4 03 00 00
0x00007ffa89a87151:   80 3f 48 48 8b cf 44 8b fe 41 b4 f8 0f 84 c9 02
0x00007ffa89a87161:   00 00 8a 07 24 fe 3c 48 0f 84 6e 02 00 00 8a 11 


Register to memory mapping:

RAX=0x000000001f9300b8 is pointing into metadata
RBX=0x000000001f92ec00 is pointing into the stack for thread: 0x000000001eaa8000
RCX=0x0000000000000000 is an unknown value
RDX=0x00000000022d0000 is an unknown value
RSP=0x000000001f92e1e0 is pointing into the stack for thread: 0x000000001eaa8000
RBP=0x00000000022d017c is at code_begin+28 in 
[CodeBlob (0x00000000022d0110)]
Framesize: 0
BufferBlob (0x00000000022d0110) used for CodeCache Exception Handler
RSI=0x0000000000000000 is an unknown value
RDI=0x0000000010500001 is an unknown value
R8 =0x0000000010500001 is an unknown value
R9 =0x00000000022d0170 is at code_begin+16 in 
[CodeBlob (0x00000000022d0110)]
Framesize: 0
BufferBlob (0x00000000022d0110) used for CodeCache Exception Handler
R10=0x0000000000000000 is an unknown value
R11=0x00000000022d0000 is an unknown value
R12=0x0000000000000000 is an unknown value
R13=0x000000001f92e310 is pointing into the stack for thread: 0x000000001eaa8000
R14=0x00000000022d0170 is at code_begin+16 in 
[CodeBlob (0x00000000022d0110)]
Framesize: 0
BufferBlob (0x00000000022d0110) used for CodeCache Exception Handler
R15=0x0000000000000001 is an unknown value


Stack: [0x000000001f830000,0x000000001f930000],  sp=0x000000001f92e1e0,  free space=1016k
Native frames: (J=compiled Java code, j=interpreted, Vv=VM code, C=native code)
C  [ntdll.dll+0x37151]
C  [KERNEL32.DLL+0x2a447]
C  [cygwin1.dll+0x31280]
C  [cygwin1.dll+0x32718]
C  [ntdll.dll+0x6e763]
C  [ntdll.dll+0x35443]
C  [ntdll.dll+0xa8c0a]
C  0x00000000023e2e5b


---------------  P R O C E S S  ---------------

Java Threads: ( => current thread )
=>0x000000001eaa8000 JavaThread "AsyncMessageHandler" daemon [_thread_in_Java, id=117900, stack(0x000000001f830000,0x000000001f930000)]
  0x000000001dbc2800 JavaThread "NioProcessor-2" [_thread_in_vm, id=97804, stack(0x000000001e560000,0x000000001e660000)]
  0x000000001dbbf800 JavaThread "NioSocketConnector-1" [_thread_in_native, id=111712, stack(0x000000001e460000,0x000000001e560000)]
  0x000000001d25d000 JavaThread "Service Thread" daemon [_thread_blocked, id=71976, stack(0x000000001d620000,0x000000001d720000)]
  0x000000001b8f2000 JavaThread "C1 CompilerThread2" daemon [_thread_blocked, id=18580, stack(0x000000001d120000,0x000000001d220000)]
  0x000000001b8ef000 JavaThread "C2 CompilerThread1" daemon [_thread_blocked, id=111108, stack(0x000000001d020000,0x000000001d120000)]
  0x000000001b8ed000 JavaThread "C2 CompilerThread0" daemon [_thread_blocked, id=92432, stack(0x000000001cf20000,0x000000001d020000)]
  0x000000001b8eb800 JavaThread "Attach Listener" daemon [_thread_blocked, id=121000, stack(0x000000001ce20000,0x000000001cf20000)]
  0x000000001b8f6800 JavaThread "Signal Dispatcher" daemon [_thread_blocked, id=45504, stack(0x000000001cd20000,0x000000001ce20000)]
  0x00000000022cb000 JavaThread "Finalizer" daemon [_thread_blocked, id=48508, stack(0x000000001cb40000,0x000000001cc40000)]
  0x00000000022c0800 JavaThread "Reference Handler" daemon [_thread_blocked, id=37524, stack(0x000000001ca40000,0x000000001cb40000)]
  0x00000000021d0800 JavaThread "main" [_thread_blocked, id=112756, stack(0x00000000020d0000,0x00000000021d0000)]

Other Threads:
  0x000000001b8b8800 VMThread [stack: 0x000000001c940000,0x000000001ca40000] [id=127344]
  0x000000001d279800 WatcherThread [stack: 0x000000001d720000,0x000000001d820000] [id=38156]

VM state:synchronizing (normal execution)

VM Mutex/Monitor currently owned by a thread:  ([mutex/lock_event])
[0x00000000001dc0b0] Safepoint_lock - owner thread: 0x000000001b8b8800
[0x00000000001dcb30] Threads_lock - owner thread: 0x000000001b8b8800

Heap:
 PSYoungGen      total 76288K, used 45917K [0x000000076b400000, 0x0000000770900000, 0x00000007c0000000)
  eden space 65536K, 70% used [0x000000076b400000,0x000000076e0d7568,0x000000076f400000)
  from space 10752K, 0% used [0x000000076fe80000,0x000000076fe80000,0x0000000770900000)
  to   space 10752K, 0% used [0x000000076f400000,0x000000076f400000,0x000000076fe80000)
 ParOldGen       total 175104K, used 0K [0x00000006c1c00000, 0x00000006cc700000, 0x000000076b400000)
  object space 175104K, 0% used [0x00000006c1c00000,0x00000006c1c00000,0x00000006cc700000)
 Metaspace       used 11876K, capacity 12076K, committed 12160K, reserved 1060864K
  class space    used 1298K, capacity 1368K, committed 1408K, reserved 1048576K

Card table byte_map: [0x0000000011690000,0x0000000011e90000] byte_map_base: 0x000000000e082000

Marking Bits: (ParMarkBitMap*) 0x00000000673e2f70
 Begin Bits: [0x00000000127e0000, 0x0000000016770000)
 End Bits:   [0x0000000016770000, 0x000000001a700000)

Polling page: 0x0000000000540000

CodeCache: size=245760Kb used=4854Kb max_used=4854Kb free=240905Kb
 bounds [0x00000000022d0000, 0x00000000027a0000, 0x00000000112d0000]
 total_blobs=1562 nmethods=1207 adapters=267
 compilation: enabled

Compilation events (10 events):
Event: 1.916 Thread 0x000000001b8f2000 1203       3       java.math.MutableBigInteger::getMagnitudeArray (45 bytes)
Event: 1.916 Thread 0x000000001b8f2000 nmethod 1203 0x0000000002788910 code [0x0000000002788a80, 0x0000000002788cc8]
Event: 1.916 Thread 0x000000001b8f2000 1206 %     3       sun.nio.cs.UTF_8$Encoder::encodeArrayLoop @ 73 (489 bytes)
Event: 1.918 Thread 0x000000001b8ed000 nmethod 1199 0x000000000278c9d0 code [0x000000000278cb20, 0x000000000278cdb8]
Event: 1.918 Thread 0x000000001b8ed000 1209       4       java.lang.StringBuffer::<init> (7 bytes)
Event: 1.919 Thread 0x000000001b8ed000 nmethod 1209 0x0000000002788610 code [0x0000000002788760, 0x0000000002788858]
Event: 1.919 Thread 0x000000001b8ed000 1211       4       java.util.regex.Pattern::peek (26 bytes)
Event: 1.920 Thread 0x000000001b8ed000 nmethod 1211 0x0000000002788350 code [0x0000000002788480, 0x0000000002788538]
Event: 1.921 Thread 0x000000001b8f2000 nmethod 1206% 0x000000000278d010 code [0x000000000278d5a0, 0x0000000002791008]
Event: 1.921 Thread 0x000000001b8f2000 1212       3       org.jdom.ContentList::indexOfFirstElement (39 bytes)

GC Heap History (0 events):
No events

Deoptimization events (10 events):
Event: 0.747 Thread 0x000000001dbc2800 Uncommon trap: reason=unstable_if action=reinterpret pc=0x000000000253d008 method=org.apache.xerces.util.XMLAttributesImpl.getPrefix(I)Ljava/lang/String; @ 28
Event: 0.766 Thread 0x000000001dbc2800 Uncommon trap: reason=unstable_if action=reinterpret pc=0x000000000258cd40 method=org.apache.xerces.impl.XMLEntityScanner.peekChar()I @ 14
Event: 0.777 Thread 0x000000001dbc2800 Uncommon trap: reason=unstable_if action=reinterpret pc=0x0000000002528b70 method=org.apache.xerces.impl.XMLEntityScanner.scanLiteral(ILorg/apache/xerces/xni/XMLString;)I @ 43
Event: 0.914 Thread 0x000000001dbc2800 Uncommon trap: reason=unstable_if action=reinterpret pc=0x00000000026518dc method=org.llrp.ltk.types.LLRPBitList.subList(Ljava/lang/Integer;Ljava/lang/Integer;)Lorg/llrp/ltk/types/LLRPBitList; @ 33
Event: 0.947 Thread 0x000000001dbc2800 Uncommon trap: reason=unstable_if action=reinterpret pc=0x00000000026426c4 method=org.jdom.Verifier.isXMLLetter(C)Z @ 3
Event: 0.972 Thread 0x000000001dbc2800 Uncommon trap: reason=unstable_if action=reinterpret pc=0x000000000252cfc0 method=org.apache.xerces.util.SymbolTable.addSymbol([CII)Ljava/lang/String; @ 56
Event: 1.076 Thread 0x000000001dbc2800 Uncommon trap: reason=unstable_if action=reinterpret pc=0x00000000025cd490 method=org.apache.xerces.util.NamespaceSupport.pushContext()V @ 11
Event: 1.422 Thread 0x000000001eaa8000 Uncommon trap: reason=unstable_if action=reinterpret pc=0x0000000002657968 method=java.lang.CharacterDataLatin1.digit(II)I @ 31
Event: 1.423 Thread 0x000000001eaa8000 Uncommon trap: reason=unstable_if action=reinterpret pc=0x00000000026544a8 method=java.lang.CharacterDataLatin1.digit(II)I @ 31
Event: 1.423 Thread 0x000000001eaa8000 Uncommon trap: reason=unstable_if action=reinterpret pc=0x00000000026416e8 method=java.lang.CharacterDataLatin1.digit(II)I @ 31

Internal exceptions (8 events):
Event: 0.029 Thread 0x00000000021d0800 Exception <a 'java/lang/NoSuchMethodError': Method sun.misc.Unsafe.defineClass(Ljava/lang/String;[BII)Ljava/lang/Class; name or signature does not match> (0x000000076b407cc0) thrown at [C:\re\workspace\8-2-build-windows-amd64-cygwin\jdk8u91\6644\hotspot\srØ«b∆◊’ù?
Event: 0.029 Thread 0x00000000021d0800 Exception <a 'java/lang/NoSuchMethodError': Method sun.misc.Unsafe.prefetchRead(Ljava/lang/Object;J)V name or signature does not match> (0x000000076b407fa8) thrown at [C:\re\workspace\8-2-build-windows-amd64-cygwin\jdk8u91\6644\hotspot\src\share\vm\prims\j≠ﬂødƒ?
Event: 0.159 Thread 0x00000000021d0800 Exception <a 'java/security/PrivilegedActionException'> (0x000000076b8540c0) thrown at [C:\re\workspace\8-2-build-windows-amd64-cygwin\jdk8u91\6644\hotspot\src\share\vm\prims\jvm.cpp, line 1386]
Event: 0.159 Thread 0x00000000021d0800 Exception <a 'java/security/PrivilegedActionException'> (0x000000076b8542d0) thrown at [C:\re\workspace\8-2-build-windows-amd64-cygwin\jdk8u91\6644\hotspot\src\share\vm\prims\jvm.cpp, line 1386]
Event: 0.160 Thread 0x00000000021d0800 Exception <a 'java/security/PrivilegedActionException'> (0x000000076b857e78) thrown at [C:\re\workspace\8-2-build-windows-amd64-cygwin\jdk8u91\6644\hotspot\src\share\vm\prims\jvm.cpp, line 1386]
Event: 0.160 Thread 0x00000000021d0800 Exception <a 'java/security/PrivilegedActionException'> (0x000000076b858088) thrown at [C:\re\workspace\8-2-build-windows-amd64-cygwin\jdk8u91\6644\hotspot\src\share\vm\prims\jvm.cpp, line 1386]
Event: 0.262 Thread 0x00000000021d0800 Exception <a 'java/lang/NoSuchFieldError': method resolution failed> (0x000000076ba0eca8) thrown at [C:\re\workspace\8-2-build-windows-amd64-cygwin\jdk8u91\6644\hotspot\src\share\vm\prims\methodHandles.cpp, line 1146]
Event: 0.264 Thread 0x00000000021d0800 Exception <a 'java/lang/NoSuchFieldError': method resolution failed> (0x000000076ba1c3c8) thrown at [C:\re\workspace\8-2-build-windows-amd64-cygwin\jdk8u91\6644\hotspot\src\share\vm\prims\methodHandles.cpp, line 1146]

Events (10 events):
Event: 1.423 Thread 0x000000001eaa8000 DEOPT UNPACKING pc=0x000000000231582a sp=0x000000001f92f380 mode 2
Event: 1.423 Thread 0x000000001eaa8000 Uncommon trap: trap_request=0xffffff65 fr.pc=0x00000000026416e8
Event: 1.423 Thread 0x000000001eaa8000 DEOPT PACKING pc=0x00000000026416e8 sp=0x000000001f92f420
Event: 1.423 Thread 0x000000001eaa8000 DEOPT UNPACKING pc=0x000000000231582a sp=0x000000001f92f390 mode 2
Event: 1.423 loading class com/impinj/octane/WriteResultStatus
Event: 1.423 loading class com/impinj/octane/WriteResultStatus done
Event: 1.424 loading class CRFIDTagOpListener$1
Event: 1.424 loading class CRFIDTagOpListener$1 done
Event: 1.425 loading class com/impinj/octane/ReadResultStatus
Event: 1.425 loading class com/impinj/octane/ReadResultStatus done


Dynamic libraries:
0x00007ff774d10000 - 0x00007ff774d47000 	C:\Program Files\Java\jre1.8.0_91\bin\java.exe
0x00007ffa89a50000 - 0x00007ffa89c11000 	C:\WINDOWS\SYSTEM32\ntdll.dll
0x00007ffa896e0000 - 0x00007ffa8978d000 	C:\WINDOWS\system32\KERNEL32.DLL
0x00007ffa86410000 - 0x00007ffa865f8000 	C:\WINDOWS\system32\KERNELBASE.dll
0x00007ffa897d0000 - 0x00007ffa89877000 	C:\WINDOWS\system32\ADVAPI32.dll
0x00007ffa872b0000 - 0x00007ffa8734d000 	C:\WINDOWS\system32\msvcrt.dll
0x00007ffa87480000 - 0x00007ffa874db000 	C:\WINDOWS\system32\sechost.dll
0x00007ffa87190000 - 0x00007ffa872ac000 	C:\WINDOWS\system32\RPCRT4.dll
0x00007ffa89260000 - 0x00007ffa893b6000 	C:\WINDOWS\system32\USER32.dll
0x00007ffa87000000 - 0x00007ffa87186000 	C:\WINDOWS\system32\GDI32.dll
0x00007ffa807a0000 - 0x00007ffa80a14000 	C:\WINDOWS\WinSxS\amd64_microsoft.windows.common-controls_6595b64144ccf1df_6.0.10586.0_none_8c15ae12515e1c22\COMCTL32.dll
0x00007ffa874f0000 - 0x00007ffa8776d000 	C:\WINDOWS\system32\combase.dll
0x00007ffa86d30000 - 0x00007ffa86d9a000 	C:\WINDOWS\system32\bcryptPrimitives.dll
0x00007ffa89790000 - 0x00007ffa897cb000 	C:\WINDOWS\system32\IMM32.DLL
0x00007ffa85f60000 - 0x00007ffa85f91000 	C:\WINDOWS\system32\nvinitx.dll
0x00007ffa85f50000 - 0x00007ffa85f5a000 	C:\WINDOWS\SYSTEM32\VERSION.dll
0x0000000069070000 - 0x0000000069076000 	C:\Program Files\NVIDIA Corporation\CoProcManager\_etoured.dll
0x00007ffa84970000 - 0x00007ffa849a3000 	C:\Program Files\NVIDIA Corporation\CoProcManager\nvd3d9wrapx.dll
0x00007ffa88e30000 - 0x00007ffa89259000 	C:\WINDOWS\system32\SETUPAPI.dll
0x00007ffa86da0000 - 0x00007ffa86de3000 	C:\WINDOWS\system32\CFGMGR32.dll
0x00007ffa83a40000 - 0x00007ffa83a62000 	C:\Program Files\NVIDIA Corporation\CoProcManager\nvdxgiwrapx.dll
0x0000000067470000 - 0x0000000067542000 	C:\Program Files\Java\jre1.8.0_91\bin\msvcr100.dll
0x0000000066bd0000 - 0x0000000067463000 	C:\Program Files\Java\jre1.8.0_91\bin\server\jvm.dll
0x00007ffa874e0000 - 0x00007ffa874e8000 	C:\WINDOWS\system32\PSAPI.DLL
0x00007ffa7c160000 - 0x00007ffa7c169000 	C:\WINDOWS\SYSTEM32\WSOCK32.dll
0x00007ffa84610000 - 0x00007ffa84633000 	C:\WINDOWS\SYSTEM32\WINMM.dll
0x00007ffa89480000 - 0x00007ffa894eb000 	C:\WINDOWS\system32\WS2_32.dll
0x0000000000500000 - 0x000000000052c000 	C:\WINDOWS\SYSTEM32\WINMMBASE.dll
0x0000000066bc0000 - 0x0000000066bcf000 	C:\Program Files\Java\jre1.8.0_91\bin\verify.dll
0x0000000066b90000 - 0x0000000066bb9000 	C:\Program Files\Java\jre1.8.0_91\bin\java.dll
0x0000000066b70000 - 0x0000000066b86000 	C:\Program Files\Java\jre1.8.0_91\bin\zip.dll
0x00007ffa878d0000 - 0x00007ffa88e2c000 	C:\WINDOWS\system32\SHELL32.dll
0x00007ffa86620000 - 0x00007ffa86c64000 	C:\WINDOWS\system32\windows.storage.dll
0x00007ffa899f0000 - 0x00007ffa89a42000 	C:\WINDOWS\system32\shlwapi.dll
0x00007ffa860f0000 - 0x00007ffa860ff000 	C:\WINDOWS\system32\kernel.appcore.dll
0x00007ffa86c70000 - 0x00007ffa86d25000 	C:\WINDOWS\system32\shcore.dll
0x00007ffa86090000 - 0x00007ffa860db000 	C:\WINDOWS\system32\powrprof.dll
0x00007ffa86070000 - 0x00007ffa86084000 	C:\WINDOWS\system32\profapi.dll
0x0000000517c70000 - 0x0000000517c89000 	C:\Users\Jonathan\Documents\ArchShare\src\Java\Octane_SDK_Java_1_22_0\CRFIDVirus\CRFIDVirus.dll
0x0000000180040000 - 0x0000000180630000 	C:\cygwin64\bin\cygwin1.dll
0x0000000066b50000 - 0x0000000066b6a000 	C:\Program Files\Java\jre1.8.0_91\bin\net.dll
0x00007ffa858f0000 - 0x00007ffa8594c000 	C:\WINDOWS\system32\mswsock.dll
0x0000000066b30000 - 0x0000000066b41000 	C:\Program Files\Java\jre1.8.0_91\bin\nio.dll
0x00007ffa859a0000 - 0x00007ffa859b7000 	C:\WINDOWS\SYSTEM32\CRYPTSP.dll
0x00007ffa85630000 - 0x00007ffa85664000 	C:\WINDOWS\system32\rsaenh.dll
0x00007ffa85fb0000 - 0x00007ffa85fd9000 	C:\WINDOWS\SYSTEM32\bcrypt.dll
0x00007ffa85780000 - 0x00007ffa8579f000 	C:\WINDOWS\SYSTEM32\USERENV.dll
0x00007ffa85ac0000 - 0x00007ffa85acb000 	C:\WINDOWS\SYSTEM32\CRYPTBASE.dll
0x00007ffa7e650000 - 0x00007ffa7e7dc000 	C:\WINDOWS\SYSTEM32\dbghelp.dll

VM Arguments:
jvm_args: -Dhostname=169.254.18.118 -Djava.library.path=. 
java_command: CRFIDVirus
java_class_path (initial): ../lib/OctaneSDKJava-1.22.0.30-jar-with-dependencies.jar;.
Launcher Type: SUN_STANDARD

Environment Variables:
PATH=C:\cygwin64\usr\local\bin;C:\cygwin64\bin;C:\ProgramData\Oracle\Java\javapath;C:\Python34;C:\Python34\Scripts;C:\Windows\system32;C:\Windows;C:\Windows\System32\Wbem;C:\Windows\System32\WindowsPowerShell\v1.0;C:\Program Files (x86)\NVIDIA Corporation\PhysX\Common;C:\Program Files (x86)\Windows Kits\8.1\Windows Performance Toolkit;C:\Program Files\Microsoft SQL Server\110\Tools\Binn;C:\Program Files (x86)\Microsoft SDKs\TypeScript\1.0;C:\Program Files\Microsoft SQL Server\120\Tools\Binn;C:\WINDOWS\system32;C:\WINDOWS;C:\WINDOWS\System32\Wbem;C:\WINDOWS\System32\WindowsPowerShell\v1.0;C:\Program Files\TortoiseSVN\bin;C:\texlive\2015\bin\win32;C:\Program Files (x86)\Skype\Phone;C:\Users\Jonathan\AppData\Local\atom\bin;C:\Program Files (x86)\Nmap
USERNAME=Jonathan
SHELL=/bin/zsh
OS=Windows_NT
PROCESSOR_IDENTIFIER=Intel64 Family 6 Model 58 Stepping 9, GenuineIntel



---------------  S Y S T E M  ---------------

OS: Windows 10.0 , 64 bit Build 10586 (10.0.10586.0)

CPU:total 4 (2 cores per cpu, 2 threads per core) family 6 model 58 stepping 9, cmov, cx8, fxsr, mmx, sse, sse2, sse3, ssse3, sse4.1, sse4.2, popcnt, avx, aes, clmul, erms, ht, tsc, tscinvbit, tscinv

Memory: 4k page, physical 16659952k(9676916k free), swap 19150320k(10685488k free)

vm_info: Java HotSpot(TM) 64-Bit Server VM (25.91-b14) for windows-amd64 JRE (1.8.0_91-b14), built on Apr  1 2016 00:58:32 by "java_re" with MS VC++ 10.0 (VS2010)

time: Thu Jun 09 13:53:13 2016
elapsed time: 1 seconds (0d 0h 0m 1s)

