#
# A fatal error has been detected by the Java Runtime Environment:
#
#  EXCEPTION_ACCESS_VIOLATION (0xc0000005) at pc=0x0000000180072703, pid=124624, tid=30992
#
# JRE version: Java(TM) SE Runtime Environment (8.0_91-b14) (build 1.8.0_91-b14)
# Java VM: Java HotSpot(TM) 64-Bit Server VM (25.91-b14 mixed mode windows-amd64 compressed oops)
# Problematic frame:
# C  [cygwin1.dll+0x32703]
#
# Failed to write core dump. Minidumps are not enabled by default on client versions of Windows
#
# If you would like to submit a bug report, please visit:
#   http://bugreport.java.com/bugreport/crash.jsp
#

---------------  T H R E A D  ---------------

Current thread (0x000000001dbeb000):  JavaThread "NioProcessor-2" [_thread_in_Java, id=30992, stack(0x000000001e580000,0x000000001e680000)]

siginfo: ExceptionCode=0xc0000005, reading address 0x000000000000401c

Registers:
RAX=0x0000000000004004, RBX=0x000000001e67de00, RCX=0x000000001e67d690, RDX=0x0000000000000000
RSP=0x000000001e67d610, RBP=0x00007ffa89b92270, RSI=0x000000001e680000, RDI=0x0000000000510740
R8 =0x000000001e67d648, R9 =0x00007ffa89b92270, R10=0x0000000000000000, R11=0x0000000000000246
R12=0x00007ffa89b92278, R13=0x0000000000000000, R14=0x00000001800726e0, R15=0x0000000000510750
RIP=0x0000000180072703, EFLAGS=0x0000000000010202

Top of Stack: (sp=0x000000001e67d610)
0x000000001e67d610:   000000001e67e620 00000000ffffffff
0x000000001e67d620:   0000c796f9d0acd4 00000000026fdfe6
0x000000001e67d630:   000000001e67d6a0 0000000000000000
0x000000001e67d640:   0000000000510740 00007ffa89abe763
0x000000001e67d650:   0000000000000000 000000001dbeb000
0x000000001e67d660:   00000000022f0170 000000001e67e500
0x000000001e67d670:   0000000000000000 0000000066efdf58
0x000000001e67d680:   0000000000000003 000000000036b000
0x000000001e67d690:   000000001e67e2f0 000000001e67de00
0x000000001e67d6a0:   000000001e67e2f0 000000001e67e2f0
0x000000001e67d6b0:   00000000028c8c2e 0000000000000000
0x000000001e67d6c0:   00000000022f0170 000000001e67de00
0x000000001e67d6d0:   000000001e67e530 000000001e67d7f0
0x000000001e67d6e0:   0000000000000001 00007ffa89a85443
0x000000001e67d6f0:   000000001e67e2f0 000000001e67de00
0x000000001e67d700:   0000000002206600 000000007f6c31de 

Instructions: (pc=0x0000000180072703)
0x00000001800726e3:   83 ec 28 65 48 8b 04 25 30 00 00 00 48 8b 70 08
0x00000001800726f3:   48 8b 86 08 e4 ff ff 48 85 c0 74 43 48 8b 59 08
0x0000000180072703:   48 8b 48 18 48 39 8b 98 00 00 00 73 1c 48 89 d9
0x0000000180072713:   e8 08 eb ff ff 48 8b 86 08 e4 ff ff 48 8b 50 18 


Register to memory mapping:

RAX=0x0000000000004004 is an unknown value
RBX=0x000000001e67de00 is pointing into the stack for thread: 0x000000001dbeb000
RCX=0x000000001e67d690 is pointing into the stack for thread: 0x000000001dbeb000
RDX=0x0000000000000000 is an unknown value
RSP=0x000000001e67d610 is pointing into the stack for thread: 0x000000001dbeb000
RBP=0x00007ffa89b92270 is an unknown value
RSI=0x000000001e680000 is pointing into the stack for thread: 0x000000001dbeb000
RDI=0x0000000000510740 is an unknown value
R8 =0x000000001e67d648 is pointing into the stack for thread: 0x000000001dbeb000
R9 =0x00007ffa89b92270 is an unknown value
R10=0x0000000000000000 is an unknown value
R11=0x0000000000000246 is an unknown value
R12=0x00007ffa89b92278 is an unknown value
R13=0x0000000000000000 is an unknown value
R14=0x00000001800726e0 is an unknown value
R15=0x0000000000510750 is an unknown value


Stack: [0x000000001e580000,0x000000001e680000],  sp=0x000000001e67d610,  free space=1013k
Native frames: (J=compiled Java code, j=interpreted, Vv=VM code, C=native code)
C  [cygwin1.dll+0x32703]
C  [ntdll.dll+0x6e763]
C  [ntdll.dll+0x35443]
C  [ntdll.dll+0xa8c0a]
C  0x00000000028c8c2e


---------------  P R O C E S S  ---------------

Java Threads: ( => current thread )
  0x000000001eb5a000 JavaThread "AsyncMessageHandler" daemon [_thread_blocked, id=9952, stack(0x000000001f850000,0x000000001f950000)]
=>0x000000001dbeb000 JavaThread "NioProcessor-2" [_thread_in_Java, id=30992, stack(0x000000001e580000,0x000000001e680000)]
  0x000000001d632000 JavaThread "NioSocketConnector-1" [_thread_in_native, id=62788, stack(0x000000001e480000,0x000000001e580000)]
  0x000000001d278800 JavaThread "Service Thread" daemon [_thread_blocked, id=13068, stack(0x000000001d640000,0x000000001d740000)]
  0x000000001b913000 JavaThread "C1 CompilerThread2" daemon [_thread_blocked, id=45676, stack(0x000000001d140000,0x000000001d240000)]
  0x000000001b910000 JavaThread "C2 CompilerThread1" daemon [_thread_blocked, id=48020, stack(0x000000001d040000,0x000000001d140000)]
  0x000000001b90e000 JavaThread "C2 CompilerThread0" daemon [_thread_in_native, id=42432, stack(0x000000001cf40000,0x000000001d040000)]
  0x000000001b90c800 JavaThread "Attach Listener" daemon [_thread_blocked, id=121452, stack(0x000000001ce40000,0x000000001cf40000)]
  0x000000001b915800 JavaThread "Signal Dispatcher" daemon [_thread_blocked, id=129772, stack(0x000000001cd40000,0x000000001ce40000)]
  0x000000001b8fa000 JavaThread "Finalizer" daemon [_thread_blocked, id=99372, stack(0x000000001cb60000,0x000000001cc60000)]
  0x00000000022df000 JavaThread "Reference Handler" daemon [_thread_blocked, id=91320, stack(0x000000001ca60000,0x000000001cb60000)]
  0x00000000021f0800 JavaThread "main" [_thread_blocked, id=36052, stack(0x00000000020b0000,0x00000000021b0000)]

Other Threads:
  0x000000001b8d8000 VMThread [stack: 0x000000001c960000,0x000000001ca60000] [id=69884]
  0x000000001d27c800 WatcherThread [stack: 0x000000001d740000,0x000000001d840000] [id=79508]

VM state:not at safepoint (normal execution)

VM Mutex/Monitor currently owned by a thread: None

Heap:
 PSYoungGen      total 76288K, used 14374K [0x000000076b400000, 0x0000000770900000, 0x00000007c0000000)
  eden space 65536K, 10% used [0x000000076b400000,0x000000076bb006a8,0x000000076f400000)
  from space 10752K, 67% used [0x000000076f400000,0x000000076fb094e0,0x000000076fe80000)
  to   space 10752K, 0% used [0x000000076fe80000,0x000000076fe80000,0x0000000770900000)
 ParOldGen       total 175104K, used 88K [0x00000006c1c00000, 0x00000006cc700000, 0x000000076b400000)
  object space 175104K, 0% used [0x00000006c1c00000,0x00000006c1c16010,0x00000006cc700000)
 Metaspace       used 12026K, capacity 12204K, committed 12416K, reserved 1060864K
  class space    used 1298K, capacity 1368K, committed 1408K, reserved 1048576K

Card table byte_map: [0x00000000116b0000,0x0000000011eb0000] byte_map_base: 0x000000000e0a2000

Marking Bits: (ParMarkBitMap*) 0x00000000673e2f70
 Begin Bits: [0x0000000012800000, 0x0000000016790000)
 End Bits:   [0x0000000016790000, 0x000000001a720000)

Polling page: 0x00000000001f0000

CodeCache: size=245760Kb used=5968Kb max_used=6000Kb free=239791Kb
 bounds [0x00000000022f0000, 0x00000000028e0000, 0x00000000112f0000]
 total_blobs=1926 nmethods=1571 adapters=267
 compilation: enabled

Compilation events (10 events):
Event: 7.625 Thread 0x000000001b90e000 nmethod 1563 0x00000000028bf510 code [0x00000000028bf640, 0x00000000028bf718]
Event: 7.625 Thread 0x000000001b90e000 1567   !   4       sun.nio.ch.SocketChannelImpl::localAddress (19 bytes)
Event: 7.625 Thread 0x000000001b913000 1569       3       java.util.concurrent.ConcurrentLinkedQueue::poll (85 bytes)
Event: 7.625 Thread 0x000000001b913000 nmethod 1569 0x00000000028bd790 code [0x00000000028bd960, 0x00000000028be330]
Event: 7.626 Thread 0x000000001b90e000 nmethod 1567 0x00000000028bbe90 code [0x00000000028bbfc0, 0x00000000028bc1d8]
Event: 7.737 Thread 0x000000001b910000 nmethod 1560 0x00000000028c8610 code [0x00000000028c8960, 0x00000000028ce670]
Event: 7.863 Thread 0x000000001b913000 1570       1       sun.nio.ch.SelectionKeyImpl::nioInterestOps (5 bytes)
Event: 7.863 Thread 0x000000001b913000 nmethod 1570 0x00000000028bbbd0 code [0x00000000028bbd20, 0x00000000028bbe30]
Event: 7.864 Thread 0x000000001b90e000 1571       4       java.lang.StringBuilder::append (8 bytes)
Event: 7.864 Thread 0x000000001b913000 1572       3       java.lang.Long::stringSize (38 bytes)

GC Heap History (2 events):
Event: 6.115 GC heap before
{Heap before GC invocations=1 (full 0):
 PSYoungGen      total 76288K, used 65536K [0x000000076b400000, 0x0000000770900000, 0x00000007c0000000)
  eden space 65536K, 100% used [0x000000076b400000,0x000000076f400000,0x000000076f400000)
  from space 10752K, 0% used [0x000000076fe80000,0x000000076fe80000,0x0000000770900000)
  to   space 10752K, 0% used [0x000000076f400000,0x000000076f400000,0x000000076fe80000)
 ParOldGen       total 175104K, used 0K [0x00000006c1c00000, 0x00000006cc700000, 0x000000076b400000)
  object space 175104K, 0% used [0x00000006c1c00000,0x00000006c1c00000,0x00000006cc700000)
 Metaspace       used 11998K, capacity 12204K, committed 12416K, reserved 1060864K
  class space    used 1298K, capacity 1368K, committed 1408K, reserved 1048576K
Event: 6.123 GC heap after
Heap after GC invocations=1 (full 0):
 PSYoungGen      total 76288K, used 7205K [0x000000076b400000, 0x0000000770900000, 0x00000007c0000000)
  eden space 65536K, 0% used [0x000000076b400000,0x000000076b400000,0x000000076f400000)
  from space 10752K, 67% used [0x000000076f400000,0x000000076fb094e0,0x000000076fe80000)
  to   space 10752K, 0% used [0x000000076fe80000,0x000000076fe80000,0x0000000770900000)
 ParOldGen       total 175104K, used 88K [0x00000006c1c00000, 0x00000006cc700000, 0x000000076b400000)
  object space 175104K, 0% used [0x00000006c1c00000,0x00000006c1c16010,0x00000006cc700000)
 Metaspace       used 11998K, capacity 12204K, committed 12416K, reserved 1060864K
  class space    used 1298K, capacity 1368K, committed 1408K, reserved 1048576K
}

Deoptimization events (10 events):
Event: 0.398 Thread 0x000000001dbeb000 Uncommon trap: reason=unstable_if action=reinterpret pc=0x00000000024a9be8 method=java.lang.String.indexOf([CII[CIII)I @ 134
Event: 0.720 Thread 0x000000001dbeb000 Uncommon trap: reason=unstable_if action=reinterpret pc=0x0000000002560948 method=org.apache.xerces.util.XMLAttributesImpl.getPrefix(I)Ljava/lang/String; @ 28
Event: 0.737 Thread 0x000000001dbeb000 Uncommon trap: reason=unstable_if action=reinterpret pc=0x00000000025c7400 method=org.apache.xerces.impl.XMLEntityScanner.peekChar()I @ 14
Event: 0.748 Thread 0x000000001dbeb000 Uncommon trap: reason=unstable_if action=reinterpret pc=0x000000000254c1f0 method=org.apache.xerces.impl.XMLEntityScanner.scanLiteral(ILorg/apache/xerces/xni/XMLString;)I @ 43
Event: 0.905 Thread 0x000000001dbeb000 Uncommon trap: reason=unstable_if action=reinterpret pc=0x00000000026a3b44 method=org.jdom.Verifier.isXMLLetter(C)Z @ 3
Event: 0.934 Thread 0x000000001dbeb000 Uncommon trap: reason=unstable_if action=reinterpret pc=0x0000000002550640 method=org.apache.xerces.util.SymbolTable.addSymbol([CII)Ljava/lang/String; @ 56
Event: 1.035 Thread 0x000000001dbeb000 Uncommon trap: reason=unstable_if action=reinterpret pc=0x0000000002607e90 method=org.apache.xerces.util.NamespaceSupport.pushContext()V @ 11
Event: 1.381 Thread 0x000000001eb5a000 Uncommon trap: reason=unstable_if action=reinterpret pc=0x000000000268c268 method=java.lang.CharacterDataLatin1.digit(II)I @ 31
Event: 1.381 Thread 0x000000001eb5a000 Uncommon trap: reason=unstable_if action=reinterpret pc=0x0000000002688da8 method=java.lang.CharacterDataLatin1.digit(II)I @ 31
Event: 1.381 Thread 0x000000001eb5a000 Uncommon trap: reason=unstable_if action=reinterpret pc=0x0000000002674528 method=java.lang.CharacterDataLatin1.digit(II)I @ 31

Internal exceptions (9 events):
Event: 0.028 Thread 0x00000000021f0800 Exception <a 'java/lang/NoSuchMethodError': Method sun.misc.Unsafe.defineClass(Ljava/lang/String;[BII)Ljava/lang/Class; name or signature does not match> (0x000000076b407cc0) thrown at [C:\re\workspace\8-2-build-windows-amd64-cygwin\jdk8u91\6644\hotspot\sr§Ø3UÊeœ?
Event: 0.028 Thread 0x00000000021f0800 Exception <a 'java/lang/NoSuchMethodError': Method sun.misc.Unsafe.prefetchRead(Ljava/lang/Object;J)V name or signature does not match> (0x000000076b407fa8) thrown at [C:\re\workspace\8-2-build-windows-amd64-cygwin\jdk8u91\6644\hotspot\src\share\vm\prims\j&—’ØuÃ?
Event: 0.152 Thread 0x00000000021f0800 Exception <a 'java/security/PrivilegedActionException'> (0x000000076b855da8) thrown at [C:\re\workspace\8-2-build-windows-amd64-cygwin\jdk8u91\6644\hotspot\src\share\vm\prims\jvm.cpp, line 1386]
Event: 0.152 Thread 0x00000000021f0800 Exception <a 'java/security/PrivilegedActionException'> (0x000000076b855fb8) thrown at [C:\re\workspace\8-2-build-windows-amd64-cygwin\jdk8u91\6644\hotspot\src\share\vm\prims\jvm.cpp, line 1386]
Event: 0.153 Thread 0x00000000021f0800 Exception <a 'java/security/PrivilegedActionException'> (0x000000076b859b60) thrown at [C:\re\workspace\8-2-build-windows-amd64-cygwin\jdk8u91\6644\hotspot\src\share\vm\prims\jvm.cpp, line 1386]
Event: 0.153 Thread 0x00000000021f0800 Exception <a 'java/security/PrivilegedActionException'> (0x000000076b859d70) thrown at [C:\re\workspace\8-2-build-windows-amd64-cygwin\jdk8u91\6644\hotspot\src\share\vm\prims\jvm.cpp, line 1386]
Event: 0.230 Thread 0x00000000021f0800 Exception <a 'java/lang/NoSuchFieldError': method resolution failed> (0x000000076ba10b70) thrown at [C:\re\workspace\8-2-build-windows-amd64-cygwin\jdk8u91\6644\hotspot\src\share\vm\prims\methodHandles.cpp, line 1146]
Event: 0.232 Thread 0x00000000021f0800 Exception <a 'java/lang/NoSuchFieldError': method resolution failed> (0x000000076ba1e290) thrown at [C:\re\workspace\8-2-build-windows-amd64-cygwin\jdk8u91\6644\hotspot\src\share\vm\prims\methodHandles.cpp, line 1146]
Event: 7.864 Thread 0x000000001dbeb000 Implicit null exception at 0x00000000028c8c2e to 0x00000000028cd685

Events (10 events):
Event: 5.364 Thread 0x000000001dbeb000 DEOPT PACKING pc=0x00000000027be952 sp=0x000000001e67eb00
Event: 5.364 Thread 0x000000001dbeb000 DEOPT UNPACKING pc=0x000000000233787f sp=0x000000001e67e898 mode 0
Event: 5.366 loading class java/util/AbstractList$1
Event: 5.366 loading class java/util/AbstractList$1 done
Event: 5.366 Thread 0x000000001dbeb000 DEOPT PACKING pc=0x00000000027be952 sp=0x000000001e67eb00
Event: 5.366 Thread 0x000000001dbeb000 DEOPT UNPACKING pc=0x000000000233787f sp=0x000000001e67e898 mode 0
Event: 5.369 Thread 0x000000001dbeb000 DEOPT PACKING pc=0x00000000027c2b13 sp=0x000000001e67e3a0
Event: 5.369 Thread 0x000000001dbeb000 DEOPT UNPACKING pc=0x000000000233787f sp=0x000000001e67e1b8 mode 0
Event: 6.115 Executing VM operation: ParallelGCFailedAllocation
Event: 6.123 Executing VM operation: ParallelGCFailedAllocation done


Dynamic libraries:
0x00007ff6c0770000 - 0x00007ff6c07a7000 	C:\Program Files\Java\jre1.8.0_91\bin\java.exe
0x00007ffa89a50000 - 0x00007ffa89c11000 	C:\WINDOWS\SYSTEM32\ntdll.dll
0x00007ffa896e0000 - 0x00007ffa8978d000 	C:\WINDOWS\system32\KERNEL32.DLL
0x00007ffa86410000 - 0x00007ffa865f8000 	C:\WINDOWS\system32\KERNELBASE.dll
0x00007ffa897d0000 - 0x00007ffa89877000 	C:\WINDOWS\system32\ADVAPI32.dll
0x00007ffa872b0000 - 0x00007ffa8734d000 	C:\WINDOWS\system32\msvcrt.dll
0x00007ffa87480000 - 0x00007ffa874db000 	C:\WINDOWS\system32\sechost.dll
0x00007ffa87190000 - 0x00007ffa872ac000 	C:\WINDOWS\system32\RPCRT4.dll
0x00007ffa89260000 - 0x00007ffa893b6000 	C:\WINDOWS\system32\USER32.dll
0x00007ffa87000000 - 0x00007ffa87186000 	C:\WINDOWS\system32\GDI32.dll
0x00007ffa807a0000 - 0x00007ffa80a14000 	C:\WINDOWS\WinSxS\amd64_microsoft.windows.common-controls_6595b64144ccf1df_6.0.10586.0_none_8c15ae12515e1c22\COMCTL32.dll
0x00007ffa874f0000 - 0x00007ffa8776d000 	C:\WINDOWS\system32\combase.dll
0x00007ffa86d30000 - 0x00007ffa86d9a000 	C:\WINDOWS\system32\bcryptPrimitives.dll
0x00007ffa89790000 - 0x00007ffa897cb000 	C:\WINDOWS\system32\IMM32.DLL
0x00007ffa85f60000 - 0x00007ffa85f91000 	C:\WINDOWS\system32\nvinitx.dll
0x00007ffa85f50000 - 0x00007ffa85f5a000 	C:\WINDOWS\SYSTEM32\VERSION.dll
0x0000000069070000 - 0x0000000069076000 	C:\Program Files\NVIDIA Corporation\CoProcManager\_etoured.dll
0x00007ffa84970000 - 0x00007ffa849a3000 	C:\Program Files\NVIDIA Corporation\CoProcManager\nvd3d9wrapx.dll
0x00007ffa88e30000 - 0x00007ffa89259000 	C:\WINDOWS\system32\SETUPAPI.dll
0x00007ffa86da0000 - 0x00007ffa86de3000 	C:\WINDOWS\system32\CFGMGR32.dll
0x00007ffa83a40000 - 0x00007ffa83a62000 	C:\Program Files\NVIDIA Corporation\CoProcManager\nvdxgiwrapx.dll
0x0000000067470000 - 0x0000000067542000 	C:\Program Files\Java\jre1.8.0_91\bin\msvcr100.dll
0x0000000066bd0000 - 0x0000000067463000 	C:\Program Files\Java\jre1.8.0_91\bin\server\jvm.dll
0x00007ffa874e0000 - 0x00007ffa874e8000 	C:\WINDOWS\system32\PSAPI.DLL
0x00007ffa7c160000 - 0x00007ffa7c169000 	C:\WINDOWS\SYSTEM32\WSOCK32.dll
0x00007ffa84610000 - 0x00007ffa84633000 	C:\WINDOWS\SYSTEM32\WINMM.dll
0x00007ffa89480000 - 0x00007ffa894eb000 	C:\WINDOWS\system32\WS2_32.dll
0x0000000002040000 - 0x000000000206c000 	C:\WINDOWS\SYSTEM32\WINMMBASE.dll
0x0000000066bc0000 - 0x0000000066bcf000 	C:\Program Files\Java\jre1.8.0_91\bin\verify.dll
0x0000000066b90000 - 0x0000000066bb9000 	C:\Program Files\Java\jre1.8.0_91\bin\java.dll
0x0000000066b70000 - 0x0000000066b86000 	C:\Program Files\Java\jre1.8.0_91\bin\zip.dll
0x00007ffa878d0000 - 0x00007ffa88e2c000 	C:\WINDOWS\system32\SHELL32.dll
0x00007ffa86620000 - 0x00007ffa86c64000 	C:\WINDOWS\system32\windows.storage.dll
0x00007ffa899f0000 - 0x00007ffa89a42000 	C:\WINDOWS\system32\shlwapi.dll
0x00007ffa860f0000 - 0x00007ffa860ff000 	C:\WINDOWS\system32\kernel.appcore.dll
0x00007ffa86c70000 - 0x00007ffa86d25000 	C:\WINDOWS\system32\shcore.dll
0x00007ffa86090000 - 0x00007ffa860db000 	C:\WINDOWS\system32\powrprof.dll
0x00007ffa86070000 - 0x00007ffa86084000 	C:\WINDOWS\system32\profapi.dll
0x0000000517c70000 - 0x0000000517c89000 	C:\Users\Jonathan\Documents\ArchShare\src\Java\Octane_SDK_Java_1_22_0\CRFIDVirus\CRFIDVirus.dll
0x0000000180040000 - 0x0000000180630000 	C:\cygwin64\bin\cygwin1.dll
0x0000000066b50000 - 0x0000000066b6a000 	C:\Program Files\Java\jre1.8.0_91\bin\net.dll
0x00007ffa858f0000 - 0x00007ffa8594c000 	C:\WINDOWS\system32\mswsock.dll
0x0000000066b30000 - 0x0000000066b41000 	C:\Program Files\Java\jre1.8.0_91\bin\nio.dll
0x00007ffa859a0000 - 0x00007ffa859b7000 	C:\WINDOWS\SYSTEM32\CRYPTSP.dll
0x00007ffa85630000 - 0x00007ffa85664000 	C:\WINDOWS\system32\rsaenh.dll
0x00007ffa85fb0000 - 0x00007ffa85fd9000 	C:\WINDOWS\SYSTEM32\bcrypt.dll
0x00007ffa85780000 - 0x00007ffa8579f000 	C:\WINDOWS\SYSTEM32\USERENV.dll
0x00007ffa85ac0000 - 0x00007ffa85acb000 	C:\WINDOWS\SYSTEM32\CRYPTBASE.dll
0x00007ffa7e650000 - 0x00007ffa7e7dc000 	C:\WINDOWS\SYSTEM32\dbghelp.dll

VM Arguments:
jvm_args: -Dhostname=169.254.18.118 -Djava.library.path=. 
java_command: CRFIDVirus
java_class_path (initial): ../lib/OctaneSDKJava-1.22.0.30-jar-with-dependencies.jar;.
Launcher Type: SUN_STANDARD

Environment Variables:
PATH=C:\cygwin64\usr\local\bin;C:\cygwin64\bin;C:\ProgramData\Oracle\Java\javapath;C:\Python34;C:\Python34\Scripts;C:\Windows\system32;C:\Windows;C:\Windows\System32\Wbem;C:\Windows\System32\WindowsPowerShell\v1.0;C:\Program Files (x86)\NVIDIA Corporation\PhysX\Common;C:\Program Files (x86)\Windows Kits\8.1\Windows Performance Toolkit;C:\Program Files\Microsoft SQL Server\110\Tools\Binn;C:\Program Files (x86)\Microsoft SDKs\TypeScript\1.0;C:\Program Files\Microsoft SQL Server\120\Tools\Binn;C:\WINDOWS\system32;C:\WINDOWS;C:\WINDOWS\System32\Wbem;C:\WINDOWS\System32\WindowsPowerShell\v1.0;C:\Program Files\TortoiseSVN\bin;C:\texlive\2015\bin\win32;C:\Program Files (x86)\Skype\Phone;C:\Users\Jonathan\AppData\Local\atom\bin;C:\Program Files (x86)\Nmap
USERNAME=Jonathan
SHELL=/bin/zsh
OS=Windows_NT
PROCESSOR_IDENTIFIER=Intel64 Family 6 Model 58 Stepping 9, GenuineIntel



---------------  S Y S T E M  ---------------

OS: Windows 10.0 , 64 bit Build 10586 (10.0.10586.0)

CPU:total 4 (2 cores per cpu, 2 threads per core) family 6 model 58 stepping 9, cmov, cx8, fxsr, mmx, sse, sse2, sse3, ssse3, sse4.1, sse4.2, popcnt, avx, aes, clmul, erms, ht, tsc, tscinvbit, tscinv

Memory: 4k page, physical 16659952k(9937776k free), swap 19150320k(10803408k free)

vm_info: Java HotSpot(TM) 64-Bit Server VM (25.91-b14) for windows-amd64 JRE (1.8.0_91-b14), built on Apr  1 2016 00:58:32 by "java_re" with MS VC++ 10.0 (VS2010)

time: Fri Jun 10 01:23:31 2016
elapsed time: 7 seconds (0d 0h 0m 7s)

