#
# A fatal error has been detected by the Java Runtime Environment:
#
#  EXCEPTION_ACCESS_VIOLATION (0xc0000005) at pc=0x000000076ba1e158, pid=123856, tid=126336
#
# JRE version: Java(TM) SE Runtime Environment (8.0_91-b14) (build 1.8.0_91-b14)
# Java VM: Java HotSpot(TM) 64-Bit Server VM (25.91-b14 mixed mode windows-amd64 compressed oops)
# Problematic frame:
# C  0x000000076ba1e158
#
# Failed to write core dump. Minidumps are not enabled by default on client versions of Windows
#
# If you would like to submit a bug report, please visit:
#   http://bugreport.java.com/bugreport/crash.jsp
#

---------------  T H R E A D  ---------------

Current thread (0x000000001dcf8800):  JavaThread "NioProcessor-2" [_thread_in_Java, id=126336, stack(0x000000001e680000,0x000000001e780000)]

siginfo: ExceptionCode=0xc0000005, ExceptionInformation=0x0000000000000008 0x000000076ba1e158

Registers:
RAX=0x000000001e77df90, RBX=0x000000001e77e0e8, RCX=0x0000000000000010, RDX=0x000000076bbb09f8
RSP=0x000000001e77e3d8, RBP=0x000000001e77e260, RSI=0x000000076f408670, RDI=0x000000076bbb8d78
R8 =0x000000076f4962d0, R9 =0x00000000ede92c5a, R10=0x0000000000000000, R11=0x00000000ede92c5d
R12=0x0000000000000000, R13=0x00000000ed776163, R14=0x00000006c1c00628, R15=0x000000001dcf8800
RIP=0x000000076ba1e158, EFLAGS=0x0000000000010202

Top of Stack: (sp=0x000000001e77e3d8)
0x000000001e77e3d8:   000000001e77e3d8 000000001b5dd9a1
0x000000001e77e3e8:   000000001e77e448 000000001b61d850
0x000000001e77e3f8:   0000000000000000 000000001b5ddaa8
0x000000001e77e408:   000000001e77e3c0 000000001e77e448
0x000000001e77e418:   000000001e77e490 00000000024380e0
0x000000001e77e428:   000000076ba25120 000000076bbb0998
0x000000001e77e438:   000000076bbae980 000000076f408670
0x000000001e77e448:   000000076ba1e158 000000001e77e450
0x000000001e77e458:   000000001b483361 000000001e77e4b0
0x000000001e77e468:   000000001b5f5ff0 0000000000000000
0x000000001e77e478:   000000001b4833b0 000000001e77e448
0x000000001e77e488:   000000001e77e4b0 000000001e77e500
0x000000001e77e498:   00000000024380e0 0000000000000000
0x000000001e77e4a8:   0000000000000000 000000076ba1e158
0x000000001e77e4b8:   000000076f4087a0 000000001e77e4c0
0x000000001e77e4c8:   000000001b47dbea 000000001e77e530 

Instructions: (pc=0x000000076ba1e158)
0x000000076ba1e138:   30 00 31 00 2c 00 4f 00 01 00 00 00 00 00 00 00
0x000000076ba1e148:   da 02 00 f8 23 3c 74 ed 00 00 00 00 00 00 00 00
0x000000076ba1e158:   01 00 00 00 00 00 00 00 aa 77 01 f8 03 00 00 00
0x000000076ba1e168:   31 3c 74 ed 17 46 74 ed 7b 47 74 ed 30 46 74 ed 


Register to memory mapping:

RAX=0x000000001e77df90 is pointing into the stack for thread: 0x000000001dcf8800
RBX=0x000000001e77e0e8 is pointing into the stack for thread: 0x000000001dcf8800
RCX=0x0000000000000010 is an unknown value
RDX=0x000000076bbb09f8 is an oop
org.jdom.output.XMLOutputter 
 - klass: 'org/jdom/output/XMLOutputter'
RSP=0x000000001e77e3d8 is pointing into the stack for thread: 0x000000001dcf8800
RBP=0x000000001e77e260 is pointing into the stack for thread: 0x000000001dcf8800
RSI=0x000000076f408670 is an oop
org.jdom.Namespace 
 - klass: 'org/jdom/Namespace'
RDI=0x000000076bbb8d78 is an oop
java.util.Stack 
 - klass: 'java/util/Stack'
R8 =0x000000076f4962d0 is an oop
java.lang.String 
 - klass: 'java/lang/String'
R9 =0x00000000ede92c5a is an unknown value
R10=0x0000000000000000 is an unknown value
R11=0x00000000ede92c5d is an unknown value
R12=0x0000000000000000 is an unknown value
R13=0x00000000ed776163 is an unknown value
R14=0x00000006c1c00628 is an oop
java.lang.String 
 - klass: 'java/lang/String'
R15=0x000000001dcf8800 is a thread


Stack: [0x000000001e680000,0x000000001e780000],  sp=0x000000001e77e3d8,  free space=1016k
Native frames: (J=compiled Java code, j=interpreted, Vv=VM code, C=native code)
C  0x000000076ba1e158


---------------  P R O C E S S  ---------------

Java Threads: ( => current thread )
  0x000000001ecca800 JavaThread "AsyncMessageHandler" daemon [_thread_blocked, id=61364, stack(0x000000001f950000,0x000000001fa50000)]
=>0x000000001dcf8800 JavaThread "NioProcessor-2" [_thread_in_Java, id=126336, stack(0x000000001e680000,0x000000001e780000)]
  0x000000001d73a000 JavaThread "NioSocketConnector-1" [_thread_in_native, id=113644, stack(0x000000001e580000,0x000000001e680000)]
  0x000000001d380800 JavaThread "Service Thread" daemon [_thread_blocked, id=114288, stack(0x000000001d740000,0x000000001d840000)]
  0x000000001ba30000 JavaThread "C1 CompilerThread2" daemon [_thread_in_native, id=114436, stack(0x000000001d240000,0x000000001d340000)]
  0x000000001ba00000 JavaThread "C2 CompilerThread1" daemon [_thread_blocked, id=118664, stack(0x000000001d140000,0x000000001d240000)]
  0x000000001b9fe000 JavaThread "C2 CompilerThread0" daemon [_thread_blocked, id=114208, stack(0x000000001d040000,0x000000001d140000)]
  0x000000001b9fc800 JavaThread "Attach Listener" daemon [_thread_blocked, id=68976, stack(0x000000001cf40000,0x000000001d040000)]
  0x000000001ba05800 JavaThread "Signal Dispatcher" daemon [_thread_blocked, id=22876, stack(0x000000001ce40000,0x000000001cf40000)]
  0x000000001b9ea000 JavaThread "Finalizer" daemon [_thread_blocked, id=120932, stack(0x000000001cc60000,0x000000001cd60000)]
  0x000000000241f000 JavaThread "Reference Handler" daemon [_thread_blocked, id=90640, stack(0x000000001cb60000,0x000000001cc60000)]
  0x0000000002330800 JavaThread "main" [_thread_blocked, id=43552, stack(0x00000000021d0000,0x00000000022d0000)]

Other Threads:
  0x000000001b9c8000 VMThread [stack: 0x000000001ca60000,0x000000001cb60000] [id=69560]
  0x000000001d385800 WatcherThread [stack: 0x000000001d840000,0x000000001d940000] [id=122096]

VM state:not at safepoint (normal execution)

VM Mutex/Monitor currently owned by a thread: None

Heap:
 PSYoungGen      total 76288K, used 15678K [0x000000076b400000, 0x0000000770900000, 0x00000007c0000000)
  eden space 65536K, 12% used [0x000000076b400000,0x000000076bc2edc8,0x000000076f400000)
  from space 10752K, 67% used [0x000000076f400000,0x000000076fb20b48,0x000000076fe80000)
  to   space 10752K, 0% used [0x000000076fe80000,0x000000076fe80000,0x0000000770900000)
 ParOldGen       total 175104K, used 88K [0x00000006c1c00000, 0x00000006cc700000, 0x000000076b400000)
  object space 175104K, 0% used [0x00000006c1c00000,0x00000006c1c16010,0x00000006cc700000)
 Metaspace       used 12043K, capacity 12204K, committed 12416K, reserved 1060864K
  class space    used 1299K, capacity 1368K, committed 1408K, reserved 1048576K

Card table byte_map: [0x00000000117f0000,0x0000000011ff0000] byte_map_base: 0x000000000e1e2000

Marking Bits: (ParMarkBitMap*) 0x00000000673e2f70
 Begin Bits: [0x0000000012940000, 0x00000000168d0000)
 End Bits:   [0x00000000168d0000, 0x000000001a860000)

Polling page: 0x00000000001f0000

CodeCache: size=245760Kb used=5903Kb max_used=5937Kb free=239856Kb
 bounds [0x0000000002430000, 0x0000000002a10000, 0x0000000011430000]
 total_blobs=1884 nmethods=1529 adapters=267
 compilation: enabled

Compilation events (10 events):
Event: 2.994 Thread 0x000000001ba30000 nmethod 1527 0x00000000029e7510 code [0x00000000029e7680, 0x00000000029e7848]
Event: 2.995 Thread 0x000000001ba30000 1528       3       org.apache.mina.core.filterchain.DefaultIoFilterChain$EntryImpl$1::messageReceived (22 bytes)
Event: 2.995 Thread 0x000000001ba30000 nmethod 1528 0x00000000029eaad0 code [0x00000000029eac40, 0x00000000029eae68]
Event: 2.995 Thread 0x000000001ba00000 nmethod 1512 0x00000000029eafd0 code [0x00000000029eb120, 0x00000000029eb6f8]
Event: 2.995 Thread 0x000000001ba30000 1529       3       org.apache.mina.core.filterchain.DefaultIoFilterChain::access$1300 (8 bytes)
Event: 2.995 Thread 0x000000001ba00000 1519       4       org.jdom.output.XMLOutputter::printNamespace (79 bytes)
Event: 2.996 Thread 0x000000001ba30000 nmethod 1529 0x00000000029ea710 code [0x00000000029ea880, 0x00000000029ea9e8]
Event: 3.078 Thread 0x000000001b9fe000 nmethod 1518 0x00000000029efd10 code [0x00000000029f0140, 0x00000000029f2a90]
Event: 3.133 Thread 0x000000001ba00000 nmethod 1519 0x00000000029fd4d0 code [0x00000000029fd820, 0x0000000002a035b0]
Event: 3.226 Thread 0x000000001ba30000 1530       3       org.llrp.ltk.generated.LLRPMessageFactory::createLLRPMessage (1136 bytes)

GC Heap History (2 events):
Event: 2.728 GC heap before
{Heap before GC invocations=1 (full 0):
 PSYoungGen      total 76288K, used 65536K [0x000000076b400000, 0x0000000770900000, 0x00000007c0000000)
  eden space 65536K, 100% used [0x000000076b400000,0x000000076f400000,0x000000076f400000)
  from space 10752K, 0% used [0x000000076fe80000,0x000000076fe80000,0x0000000770900000)
  to   space 10752K, 0% used [0x000000076f400000,0x000000076f400000,0x000000076fe80000)
 ParOldGen       total 175104K, used 0K [0x00000006c1c00000, 0x00000006cc700000, 0x000000076b400000)
  object space 175104K, 0% used [0x00000006c1c00000,0x00000006c1c00000,0x00000006cc700000)
 Metaspace       used 11993K, capacity 12204K, committed 12416K, reserved 1060864K
  class space    used 1299K, capacity 1368K, committed 1408K, reserved 1048576K
Event: 2.736 GC heap after
Heap after GC invocations=1 (full 0):
 PSYoungGen      total 76288K, used 7298K [0x000000076b400000, 0x0000000770900000, 0x00000007c0000000)
  eden space 65536K, 0% used [0x000000076b400000,0x000000076b400000,0x000000076f400000)
  from space 10752K, 67% used [0x000000076f400000,0x000000076fb20b48,0x000000076fe80000)
  to   space 10752K, 0% used [0x000000076fe80000,0x000000076fe80000,0x0000000770900000)
 ParOldGen       total 175104K, used 88K [0x00000006c1c00000, 0x00000006cc700000, 0x000000076b400000)
  object space 175104K, 0% used [0x00000006c1c00000,0x00000006c1c16010,0x00000006cc700000)
 Metaspace       used 11993K, capacity 12204K, committed 12416K, reserved 1060864K
  class space    used 1299K, capacity 1368K, committed 1408K, reserved 1048576K
}

Deoptimization events (10 events):
Event: 0.816 Thread 0x000000001dcf8800 Uncommon trap: reason=unstable_if action=reinterpret pc=0x000000000269ac08 method=org.apache.xerces.util.XMLAttributesImpl.getPrefix(I)Ljava/lang/String; @ 28
Event: 0.827 Thread 0x000000001dcf8800 Uncommon trap: reason=unstable_if action=reinterpret pc=0x0000000002758300 method=org.apache.xerces.impl.XMLEntityScanner.peekChar()I @ 14
Event: 0.835 Thread 0x000000001dcf8800 Uncommon trap: reason=unstable_if action=reinterpret pc=0x000000000266cb30 method=org.apache.xerces.impl.XMLEntityScanner.scanLiteral(ILorg/apache/xerces/xni/XMLString;)I @ 43
Event: 0.917 Thread 0x000000001dcf8800 Uncommon trap: reason=unstable_if action=reinterpret pc=0x000000000272b06c method=org.llrp.ltk.types.LLRPBitList.subList(Ljava/lang/Integer;Ljava/lang/Integer;)Lorg/llrp/ltk/types/LLRPBitList; @ 33
Event: 1.039 Thread 0x000000001dcf8800 Uncommon trap: reason=unstable_if action=reinterpret pc=0x000000000268eb40 method=org.apache.xerces.util.SymbolTable.addSymbol([CII)Ljava/lang/String; @ 56
Event: 1.050 Thread 0x000000001ecca800 Uncommon trap: reason=unstable_if action=reinterpret pc=0x000000000273378c method=java.lang.CharacterDataLatin1.digit(II)I @ 31
Event: 1.050 Thread 0x000000001ecca800 Uncommon trap: reason=unstable_if action=reinterpret pc=0x0000000002711368 method=java.lang.CharacterDataLatin1.digit(II)I @ 31
Event: 1.050 Thread 0x000000001ecca800 Uncommon trap: reason=unstable_if action=reinterpret pc=0x000000000270c928 method=java.lang.CharacterDataLatin1.digit(II)I @ 31
Event: 1.170 Thread 0x000000001dcf8800 Uncommon trap: reason=unstable_if action=reinterpret pc=0x000000000279f550 method=org.apache.xerces.util.NamespaceSupport.pushContext()V @ 11
Event: 1.193 Thread 0x0000000002330800 Uncommon trap: reason=unstable_if action=reinterpret pc=0x000000000280bf04 method=java.lang.String.trim()Ljava/lang/String; @ 44

Internal exceptions (9 events):
Event: 0.027 Thread 0x0000000002330800 Exception <a 'java/lang/NoSuchMethodError': Method sun.misc.Unsafe.defineClass(Ljava/lang/String;[BII)Ljava/lang/Class; name or signature does not match> (0x000000076b407cc0) thrown at [C:\re\workspace\8-2-build-windows-amd64-cygwin\jdk8u91\6644\hotspot\sr—'çï≠ú?
Event: 0.027 Thread 0x0000000002330800 Exception <a 'java/lang/NoSuchMethodError': Method sun.misc.Unsafe.prefetchRead(Ljava/lang/Object;J)V name or signature does not match> (0x000000076b407fa8) thrown at [C:\re\workspace\8-2-build-windows-amd64-cygwin\jdk8u91\6644\hotspot\src\share\vm\prims\j/DZU®ƒ?
Event: 0.161 Thread 0x0000000002330800 Exception <a 'java/security/PrivilegedActionException'> (0x000000076b8548a0) thrown at [C:\re\workspace\8-2-build-windows-amd64-cygwin\jdk8u91\6644\hotspot\src\share\vm\prims\jvm.cpp, line 1386]
Event: 0.161 Thread 0x0000000002330800 Exception <a 'java/security/PrivilegedActionException'> (0x000000076b854ab0) thrown at [C:\re\workspace\8-2-build-windows-amd64-cygwin\jdk8u91\6644\hotspot\src\share\vm\prims\jvm.cpp, line 1386]
Event: 0.162 Thread 0x0000000002330800 Exception <a 'java/security/PrivilegedActionException'> (0x000000076b858658) thrown at [C:\re\workspace\8-2-build-windows-amd64-cygwin\jdk8u91\6644\hotspot\src\share\vm\prims\jvm.cpp, line 1386]
Event: 0.162 Thread 0x0000000002330800 Exception <a 'java/security/PrivilegedActionException'> (0x000000076b858868) thrown at [C:\re\workspace\8-2-build-windows-amd64-cygwin\jdk8u91\6644\hotspot\src\share\vm\prims\jvm.cpp, line 1386]
Event: 0.244 Thread 0x0000000002330800 Exception <a 'java/lang/NoSuchFieldError': method resolution failed> (0x000000076ba0f570) thrown at [C:\re\workspace\8-2-build-windows-amd64-cygwin\jdk8u91\6644\hotspot\src\share\vm\prims\methodHandles.cpp, line 1146]
Event: 0.247 Thread 0x0000000002330800 Exception <a 'java/lang/NoSuchFieldError': method resolution failed> (0x000000076ba1cc90) thrown at [C:\re\workspace\8-2-build-windows-amd64-cygwin\jdk8u91\6644\hotspot\src\share\vm\prims\methodHandles.cpp, line 1146]
Event: 3.227 Thread 0x000000001dcf8800 Implicit null exception at 0x00000000029fdaed to 0x0000000002a025f5

Events (10 events):
Event: 1.482 loading class com/impinj/octane/ReadResultStatus
Event: 1.482 loading class com/impinj/octane/ReadResultStatus done
Event: 1.486 Thread 0x000000001dcf8800 DEOPT PACKING pc=0x00000000028410d2 sp=0x000000001e77e340
Event: 1.486 Thread 0x000000001dcf8800 DEOPT UNPACKING pc=0x000000000247787f sp=0x000000001e77e0f0 mode 0
Event: 2.475 loading class java/util/AbstractList$1
Event: 2.476 loading class java/util/AbstractList$1 done
Event: 2.728 Executing VM operation: ParallelGCFailedAllocation
Event: 2.736 Executing VM operation: ParallelGCFailedAllocation done
Event: 2.739 Thread 0x000000001dcf8800 DEOPT PACKING pc=0x00000000028f7d13 sp=0x000000001e77dd40
Event: 2.739 Thread 0x000000001dcf8800 DEOPT UNPACKING pc=0x000000000247787f sp=0x000000001e77db58 mode 0


Dynamic libraries:
0x00007ff6c0770000 - 0x00007ff6c07a7000 	C:\Program Files\Java\jre1.8.0_91\bin\java.exe
0x00007ffa89a50000 - 0x00007ffa89c11000 	C:\WINDOWS\SYSTEM32\ntdll.dll
0x00007ffa896e0000 - 0x00007ffa8978d000 	C:\WINDOWS\system32\KERNEL32.DLL
0x00007ffa86410000 - 0x00007ffa865f8000 	C:\WINDOWS\system32\KERNELBASE.dll
0x00007ffa897d0000 - 0x00007ffa89877000 	C:\WINDOWS\system32\ADVAPI32.dll
0x00007ffa872b0000 - 0x00007ffa8734d000 	C:\WINDOWS\system32\msvcrt.dll
0x00007ffa87480000 - 0x00007ffa874db000 	C:\WINDOWS\system32\sechost.dll
0x00007ffa87190000 - 0x00007ffa872ac000 	C:\WINDOWS\system32\RPCRT4.dll
0x00007ffa89260000 - 0x00007ffa893b6000 	C:\WINDOWS\system32\USER32.dll
0x00007ffa87000000 - 0x00007ffa87186000 	C:\WINDOWS\system32\GDI32.dll
0x00007ffa807a0000 - 0x00007ffa80a14000 	C:\WINDOWS\WinSxS\amd64_microsoft.windows.common-controls_6595b64144ccf1df_6.0.10586.0_none_8c15ae12515e1c22\COMCTL32.dll
0x00007ffa874f0000 - 0x00007ffa8776d000 	C:\WINDOWS\system32\combase.dll
0x00007ffa86d30000 - 0x00007ffa86d9a000 	C:\WINDOWS\system32\bcryptPrimitives.dll
0x00007ffa89790000 - 0x00007ffa897cb000 	C:\WINDOWS\system32\IMM32.DLL
0x00007ffa85f60000 - 0x00007ffa85f91000 	C:\WINDOWS\system32\nvinitx.dll
0x00007ffa85f50000 - 0x00007ffa85f5a000 	C:\WINDOWS\SYSTEM32\VERSION.dll
0x0000000069070000 - 0x0000000069076000 	C:\Program Files\NVIDIA Corporation\CoProcManager\_etoured.dll
0x00007ffa84970000 - 0x00007ffa849a3000 	C:\Program Files\NVIDIA Corporation\CoProcManager\nvd3d9wrapx.dll
0x00007ffa88e30000 - 0x00007ffa89259000 	C:\WINDOWS\system32\SETUPAPI.dll
0x00007ffa86da0000 - 0x00007ffa86de3000 	C:\WINDOWS\system32\CFGMGR32.dll
0x00007ffa83a40000 - 0x00007ffa83a62000 	C:\Program Files\NVIDIA Corporation\CoProcManager\nvdxgiwrapx.dll
0x0000000067470000 - 0x0000000067542000 	C:\Program Files\Java\jre1.8.0_91\bin\msvcr100.dll
0x0000000066bd0000 - 0x0000000067463000 	C:\Program Files\Java\jre1.8.0_91\bin\server\jvm.dll
0x00007ffa874e0000 - 0x00007ffa874e8000 	C:\WINDOWS\system32\PSAPI.DLL
0x00007ffa7c160000 - 0x00007ffa7c169000 	C:\WINDOWS\SYSTEM32\WSOCK32.dll
0x00007ffa84610000 - 0x00007ffa84633000 	C:\WINDOWS\SYSTEM32\WINMM.dll
0x00007ffa89480000 - 0x00007ffa894eb000 	C:\WINDOWS\system32\WS2_32.dll
0x0000000000970000 - 0x000000000099c000 	C:\WINDOWS\SYSTEM32\WINMMBASE.dll
0x0000000066bc0000 - 0x0000000066bcf000 	C:\Program Files\Java\jre1.8.0_91\bin\verify.dll
0x0000000066b90000 - 0x0000000066bb9000 	C:\Program Files\Java\jre1.8.0_91\bin\java.dll
0x0000000066b70000 - 0x0000000066b86000 	C:\Program Files\Java\jre1.8.0_91\bin\zip.dll
0x00007ffa878d0000 - 0x00007ffa88e2c000 	C:\WINDOWS\system32\SHELL32.dll
0x00007ffa86620000 - 0x00007ffa86c64000 	C:\WINDOWS\system32\windows.storage.dll
0x00007ffa899f0000 - 0x00007ffa89a42000 	C:\WINDOWS\system32\shlwapi.dll
0x00007ffa860f0000 - 0x00007ffa860ff000 	C:\WINDOWS\system32\kernel.appcore.dll
0x00007ffa86c70000 - 0x00007ffa86d25000 	C:\WINDOWS\system32\shcore.dll
0x00007ffa86090000 - 0x00007ffa860db000 	C:\WINDOWS\system32\powrprof.dll
0x00007ffa86070000 - 0x00007ffa86084000 	C:\WINDOWS\system32\profapi.dll
0x0000000517c70000 - 0x0000000517c89000 	C:\Users\Jonathan\Documents\ArchShare\src\Java\Octane_SDK_Java_1_22_0\CRFIDVirus\CRFIDVirus.dll
0x0000000180040000 - 0x0000000180630000 	C:\cygwin64\bin\cygwin1.dll
0x0000000066b50000 - 0x0000000066b6a000 	C:\Program Files\Java\jre1.8.0_91\bin\net.dll
0x00007ffa858f0000 - 0x00007ffa8594c000 	C:\WINDOWS\system32\mswsock.dll
0x0000000066b30000 - 0x0000000066b41000 	C:\Program Files\Java\jre1.8.0_91\bin\nio.dll
0x00007ffa859a0000 - 0x00007ffa859b7000 	C:\WINDOWS\SYSTEM32\CRYPTSP.dll
0x00007ffa85630000 - 0x00007ffa85664000 	C:\WINDOWS\system32\rsaenh.dll
0x00007ffa85fb0000 - 0x00007ffa85fd9000 	C:\WINDOWS\SYSTEM32\bcrypt.dll
0x00007ffa85780000 - 0x00007ffa8579f000 	C:\WINDOWS\SYSTEM32\USERENV.dll
0x00007ffa85ac0000 - 0x00007ffa85acb000 	C:\WINDOWS\SYSTEM32\CRYPTBASE.dll
0x00007ffa7e650000 - 0x00007ffa7e7dc000 	C:\WINDOWS\SYSTEM32\dbghelp.dll

VM Arguments:
jvm_args: -Dhostname=169.254.18.118 -Djava.library.path=. 
java_command: CRFIDVirus
java_class_path (initial): ../lib/OctaneSDKJava-1.22.0.30-jar-with-dependencies.jar;.
Launcher Type: SUN_STANDARD

Environment Variables:
PATH=C:\cygwin64\usr\local\bin;C:\cygwin64\bin;C:\ProgramData\Oracle\Java\javapath;C:\Python34;C:\Python34\Scripts;C:\Windows\system32;C:\Windows;C:\Windows\System32\Wbem;C:\Windows\System32\WindowsPowerShell\v1.0;C:\Program Files (x86)\NVIDIA Corporation\PhysX\Common;C:\Program Files (x86)\Windows Kits\8.1\Windows Performance Toolkit;C:\Program Files\Microsoft SQL Server\110\Tools\Binn;C:\Program Files (x86)\Microsoft SDKs\TypeScript\1.0;C:\Program Files\Microsoft SQL Server\120\Tools\Binn;C:\WINDOWS\system32;C:\WINDOWS;C:\WINDOWS\System32\Wbem;C:\WINDOWS\System32\WindowsPowerShell\v1.0;C:\Program Files\TortoiseSVN\bin;C:\texlive\2015\bin\win32;C:\Program Files (x86)\Skype\Phone;C:\Users\Jonathan\AppData\Local\atom\bin;C:\Program Files (x86)\Nmap
USERNAME=Jonathan
SHELL=/bin/zsh
OS=Windows_NT
PROCESSOR_IDENTIFIER=Intel64 Family 6 Model 58 Stepping 9, GenuineIntel



---------------  S Y S T E M  ---------------

OS: Windows 10.0 , 64 bit Build 10586 (10.0.10586.0)

CPU:total 4 (2 cores per cpu, 2 threads per core) family 6 model 58 stepping 9, cmov, cx8, fxsr, mmx, sse, sse2, sse3, ssse3, sse4.1, sse4.2, popcnt, avx, aes, clmul, erms, ht, tsc, tscinvbit, tscinv

Memory: 4k page, physical 16659952k(9720164k free), swap 19150320k(10828416k free)

vm_info: Java HotSpot(TM) 64-Bit Server VM (25.91-b14) for windows-amd64 JRE (1.8.0_91-b14), built on Apr  1 2016 00:58:32 by "java_re" with MS VC++ 10.0 (VS2010)

time: Fri Jun 10 01:00:06 2016
elapsed time: 3 seconds (0d 0h 0m 3s)

