#
# A fatal error has been detected by the Java Runtime Environment:
#
#  EXCEPTION_ACCESS_VIOLATION (0xc0000005) at pc=0x0000000020a6b1ed, pid=126576, tid=42292
#
# JRE version: Java(TM) SE Runtime Environment (8.0_91-b14) (build 1.8.0_91-b14)
# Java VM: Java HotSpot(TM) 64-Bit Server VM (25.91-b14 mixed mode windows-amd64 compressed oops)
# Problematic frame:
# C  0x0000000020a6b1ed
#
# Failed to write core dump. Minidumps are not enabled by default on client versions of Windows
#
# If you would like to submit a bug report, please visit:
#   http://bugreport.java.com/bugreport/crash.jsp
#

---------------  T H R E A D  ---------------

Current thread (0x000000001d63b000):  JavaThread "NioProcessor-2" [_thread_in_Java, id=42292, stack(0x000000001e580000,0x000000001e680000)]

siginfo: ExceptionCode=0xc0000005, ExceptionInformation=0x0000000000000008 0x0000000020a6b1ed

Registers:
RAX=0x000000001e67e470, RBX=0x000000001e67e470, RCX=0x0000000000000010, RDX=0x000000076bab9d68
RSP=0x000000001e67e3b0, RBP=0x000000001e67e880, RSI=0x000000076f410288, RDI=0x000000076bab9d50
R8 =0x00000000ede8f8b6, R9 =0x00000000ede8f8b9, R10=0x0000000000000000, R11=0x000000076f47c5b0
R12=0x0000000000000000, R13=0x00000000ed75636c, R14=0x00000006c1c00780, R15=0x000000001d63b000
RIP=0x0000000020a6b1ed, EFLAGS=0x0000000000010202

Top of Stack: (sp=0x000000001e67e3b0)
0x000000001e67e3b0:   000000001e67e418 000000001d63b000
0x000000001e67e3c0:   000000076bab3c68 0000000066cc4691
0x000000001e67e3d0:   00000007c00007a8 0000000000000001
0x000000001e67e3e0:   000000076bab1b38 00000007c0016998
0x000000001e67e3f0:   000000076f47c5b0 0000000066d0a970
0x000000001e67e400:   000000001d63b000 00000006c1c00780
0x000000001e67e410:   00000000ed75636c 000000076f410288
0x000000001e67e420:   000000076bab9d50 ede8f8b6ede8f8b0
0x000000001e67e430:   000000076f410288 000000076bab1b38
0x000000001e67e440:   000000076bab9d50 000000076f410288
0x000000001e67e450:   000000001e67e490 000000001e67e480
0x000000001e67e460:   000000001b61ac70 000000076bab1a40
0x000000001e67e470:   0000000000000001 00000000028cf5c0
0x000000001e67e480:   0000000000000010 0000000000000206
0x000000001e67e490:   000000001e67e880 00000000026e932c
0x000000001e67e4a0:   0000000000002000 0000000000000000 

Instructions: (pc=0x0000000020a6b1ed)
0x0000000020a6b1cd:   
[error occurred during error reporting (printing registers, top of stack, instructions near pc), id 0xc0000005]

Register to memory mapping:

RAX=0x000000001e67e470 is pointing into the stack for thread: 0x000000001d63b000
RBX=0x000000001e67e470 is pointing into the stack for thread: 0x000000001d63b000
RCX=0x0000000000000010 is an unknown value
RDX=0x000000076bab9d68 is an oop
java.util.Stack 
 - klass: 'java/util/Stack'
RSP=0x000000001e67e3b0 is pointing into the stack for thread: 0x000000001d63b000
RBP=0x000000001e67e880 is pointing into the stack for thread: 0x000000001d63b000
RSI=0x000000076f410288 is an oop
org.jdom.Namespace 
 - klass: 'org/jdom/Namespace'
RDI=0x000000076bab9d50 is an oop
org.jdom.output.XMLOutputter$NamespaceStack 
 - klass: 'org/jdom/output/XMLOutputter$NamespaceStack'
R8 =0x00000000ede8f8b6 is an unknown value
R9 =0x00000000ede8f8b9 is an unknown value
R10=0x0000000000000000 is an unknown value
R11=0x000000076f47c5b0 is an oop
java.lang.String 
 - klass: 'java/lang/String'
R12=0x0000000000000000 is an unknown value
R13=0x00000000ed75636c is an unknown value
R14=0x00000006c1c00780 is an oop
java.lang.String 
 - klass: 'java/lang/String'
R15=0x000000001d63b000 is a thread


Stack: [0x000000001e580000,0x000000001e680000],  sp=0x000000001e67e3b0,  free space=1016k
Native frames: (J=compiled Java code, j=interpreted, Vv=VM code, C=native code)
C  0x0000000020a6b1ed


---------------  P R O C E S S  ---------------

Java Threads: ( => current thread )
  0x000000001e348000 JavaThread "AsyncMessageHandler" daemon [_thread_blocked, id=80312, stack(0x000000001f850000,0x000000001f950000)]
=>0x000000001d63b000 JavaThread "NioProcessor-2" [_thread_in_Java, id=42292, stack(0x000000001e580000,0x000000001e680000)]
  0x000000001d639000 JavaThread "NioSocketConnector-1" [_thread_in_native, id=122576, stack(0x000000001e480000,0x000000001e580000)]
  0x000000001d278800 JavaThread "Service Thread" daemon [_thread_blocked, id=78532, stack(0x000000001d640000,0x000000001d740000)]
  0x000000001b905000 JavaThread "C1 CompilerThread2" daemon [_thread_blocked, id=128404, stack(0x000000001d140000,0x000000001d240000)]
  0x000000001b901800 JavaThread "C2 CompilerThread1" daemon [_thread_blocked, id=118904, stack(0x000000001d040000,0x000000001d140000)]
  0x000000001b8ff800 JavaThread "C2 CompilerThread0" daemon [_thread_blocked, id=57768, stack(0x000000001cf40000,0x000000001d040000)]
  0x000000001b8fd800 JavaThread "Attach Listener" daemon [_thread_blocked, id=112116, stack(0x000000001ce40000,0x000000001cf40000)]
  0x000000001b8fb800 JavaThread "Signal Dispatcher" daemon [_thread_blocked, id=25684, stack(0x000000001cd40000,0x000000001ce40000)]
  0x00000000022db000 JavaThread "Finalizer" daemon [_thread_blocked, id=63668, stack(0x000000001cb60000,0x000000001cc60000)]
  0x00000000022d0000 JavaThread "Reference Handler" daemon [_thread_blocked, id=106088, stack(0x000000001ca60000,0x000000001cb60000)]
  0x00000000021e0800 JavaThread "main" [_thread_blocked, id=119548, stack(0x00000000020a0000,0x00000000021a0000)]

Other Threads:
  0x000000001b8c8000 VMThread [stack: 0x000000001c960000,0x000000001ca60000] [id=83676]
  0x000000001d27c800 WatcherThread [stack: 0x000000001d740000,0x000000001d840000] [id=78792]

VM state:not at safepoint (normal execution)

VM Mutex/Monitor currently owned by a thread: None

Heap:
 PSYoungGen      total 76288K, used 14466K [0x000000076b400000, 0x0000000770900000, 0x00000007c0000000)
  eden space 65536K, 10% used [0x000000076b400000,0x000000076bafd1c0,0x000000076f400000)
  from space 10752K, 67% used [0x000000076f400000,0x000000076fb23748,0x000000076fe80000)
  to   space 10752K, 0% used [0x000000076fe80000,0x000000076fe80000,0x0000000770900000)
 ParOldGen       total 175104K, used 88K [0x00000006c1c00000, 0x00000006cc700000, 0x000000076b400000)
  object space 175104K, 0% used [0x00000006c1c00000,0x00000006c1c16010,0x00000006cc700000)
 Metaspace       used 12039K, capacity 12204K, committed 12416K, reserved 1060864K
  class space    used 1299K, capacity 1368K, committed 1408K, reserved 1048576K

Card table byte_map: [0x00000000116a0000,0x0000000011ea0000] byte_map_base: 0x000000000e092000

Marking Bits: (ParMarkBitMap*) 0x00000000673e2f70
 Begin Bits: [0x00000000127f0000, 0x0000000016780000)
 End Bits:   [0x0000000016780000, 0x000000001a710000)

Polling page: 0x0000000000440000

CodeCache: size=245760Kb used=6053Kb max_used=6086Kb free=239706Kb
 bounds [0x00000000022e0000, 0x00000000028e0000, 0x00000000112e0000]
 total_blobs=1910 nmethods=1555 adapters=267
 compilation: enabled

Compilation events (10 events):
Event: 3.011 Thread 0x000000001b905000 1554   !   3       sun.nio.cs.StreamEncoder::write (78 bytes)
Event: 3.012 Thread 0x000000001b905000 nmethod 1554 0x00000000028c2190 code [0x00000000028c2360, 0x00000000028c2aa8]
Event: 3.015 Thread 0x000000001b901800 nmethod 1546 0x00000000028bf150 code [0x00000000028bf2a0, 0x00000000028bf6f8]
Event: 3.015 Thread 0x000000001b901800 1549       4       java.lang.AbstractStringBuilder::append (62 bytes)
Event: 3.023 Thread 0x000000001b901800 nmethod 1549 0x00000000028c3e50 code [0x00000000028c3fc0, 0x00000000028c4638]
Event: 3.023 Thread 0x000000001b901800 1552   !   4       sun.nio.ch.SocketChannelImpl::localAddress (19 bytes)
Event: 3.025 Thread 0x000000001b901800 nmethod 1552 0x00000000028c4a90 code [0x00000000028c4bc0, 0x00000000028c4dd8]
Event: 3.132 Thread 0x000000001b8ff800 nmethod 1537 0x00000000028cf250 code [0x00000000028cf5a0, 0x00000000028d52d0]
Event: 3.235 Thread 0x000000001b905000 1555       1       java.nio.channels.spi.AbstractSelector::cancelledKeys (5 bytes)
Event: 3.236 Thread 0x000000001b905000 nmethod 1555 0x00000000028bd3d0 code [0x00000000028bd520, 0x00000000028bd630]

GC Heap History (2 events):
Event: 2.741 GC heap before
{Heap before GC invocations=1 (full 0):
 PSYoungGen      total 76288K, used 65536K [0x000000076b400000, 0x0000000770900000, 0x00000007c0000000)
  eden space 65536K, 100% used [0x000000076b400000,0x000000076f400000,0x000000076f400000)
  from space 10752K, 0% used [0x000000076fe80000,0x000000076fe80000,0x0000000770900000)
  to   space 10752K, 0% used [0x000000076f400000,0x000000076f400000,0x000000076fe80000)
 ParOldGen       total 175104K, used 0K [0x00000006c1c00000, 0x00000006cc700000, 0x000000076b400000)
  object space 175104K, 0% used [0x00000006c1c00000,0x00000006c1c00000,0x00000006cc700000)
 Metaspace       used 12015K, capacity 12204K, committed 12416K, reserved 1060864K
  class space    used 1299K, capacity 1368K, committed 1408K, reserved 1048576K
Event: 2.748 GC heap after
Heap after GC invocations=1 (full 0):
 PSYoungGen      total 76288K, used 7309K [0x000000076b400000, 0x0000000770900000, 0x00000007c0000000)
  eden space 65536K, 0% used [0x000000076b400000,0x000000076b400000,0x000000076f400000)
  from space 10752K, 67% used [0x000000076f400000,0x000000076fb23748,0x000000076fe80000)
  to   space 10752K, 0% used [0x000000076fe80000,0x000000076fe80000,0x0000000770900000)
 ParOldGen       total 175104K, used 88K [0x00000006c1c00000, 0x00000006cc700000, 0x000000076b400000)
  object space 175104K, 0% used [0x00000006c1c00000,0x00000006c1c16010,0x00000006cc700000)
 Metaspace       used 12015K, capacity 12204K, committed 12416K, reserved 1060864K
  class space    used 1299K, capacity 1368K, committed 1408K, reserved 1048576K
}

Deoptimization events (10 events):
Event: 0.750 Thread 0x000000001d63b000 Uncommon trap: reason=unstable_if action=reinterpret pc=0x00000000025535c8 method=org.apache.xerces.util.XMLAttributesImpl.getPrefix(I)Ljava/lang/String; @ 28
Event: 0.764 Thread 0x000000001d63b000 Uncommon trap: reason=unstable_if action=reinterpret pc=0x00000000025e3e40 method=org.apache.xerces.impl.XMLEntityScanner.peekChar()I @ 14
Event: 0.774 Thread 0x000000001d63b000 Uncommon trap: reason=unstable_if action=reinterpret pc=0x000000000253bd70 method=org.apache.xerces.impl.XMLEntityScanner.scanLiteral(ILorg/apache/xerces/xni/XMLString;)I @ 43
Event: 0.942 Thread 0x000000001d63b000 Uncommon trap: reason=unstable_if action=reinterpret pc=0x00000000026b7b58 method=org.llrp.ltk.types.LLRPBitList.subList(Ljava/lang/Integer;Ljava/lang/Integer;)Lorg/llrp/ltk/types/LLRPBitList; @ 33
Event: 1.064 Thread 0x000000001d63b000 Uncommon trap: reason=unstable_if action=reinterpret pc=0x0000000002546e00 method=org.apache.xerces.util.SymbolTable.addSymbol([CII)Ljava/lang/String; @ 56
Event: 1.078 Thread 0x000000001e348000 Uncommon trap: reason=unstable_if action=reinterpret pc=0x00000000027172a8 method=java.lang.CharacterDataLatin1.digit(II)I @ 31
Event: 1.079 Thread 0x000000001e348000 Uncommon trap: reason=unstable_if action=reinterpret pc=0x00000000026b8ba8 method=java.lang.CharacterDataLatin1.digit(II)I @ 31
Event: 1.079 Thread 0x000000001e348000 Uncommon trap: reason=unstable_if action=reinterpret pc=0x00000000026b3be8 method=java.lang.CharacterDataLatin1.digit(II)I @ 31
Event: 1.177 Thread 0x000000001d63b000 Uncommon trap: reason=unstable_if action=reinterpret pc=0x000000000264a150 method=org.apache.xerces.util.NamespaceSupport.pushContext()V @ 11
Event: 1.198 Thread 0x00000000021e0800 Uncommon trap: reason=unstable_if action=reinterpret pc=0x00000000026f2d84 method=java.lang.String.trim()Ljava/lang/String; @ 44

Internal exceptions (9 events):
Event: 0.027 Thread 0x00000000021e0800 Exception <a 'java/lang/NoSuchMethodError': Method sun.misc.Unsafe.defineClass(Ljava/lang/String;[BII)Ljava/lang/Class; name or signature does not match> (0x000000076b407cc0) thrown at [C:\re\workspace\8-2-build-windows-amd64-cygwin\jdk8u91\6644\hotspot\srœ‰ÿˆtŸõ?
Event: 0.027 Thread 0x00000000021e0800 Exception <a 'java/lang/NoSuchMethodError': Method sun.misc.Unsafe.prefetchRead(Ljava/lang/Object;J)V name or signature does not match> (0x000000076b407fa8) thrown at [C:\re\workspace\8-2-build-windows-amd64-cygwin\jdk8u91\6644\hotspot\src\share\vm\prims\j
Event: 0.147 Thread 0x00000000021e0800 Exception <a 'java/security/PrivilegedActionException'> (0x000000076b8548a0) thrown at [C:\re\workspace\8-2-build-windows-amd64-cygwin\jdk8u91\6644\hotspot\src\share\vm\prims\jvm.cpp, line 1386]
Event: 0.147 Thread 0x00000000021e0800 Exception <a 'java/security/PrivilegedActionException'> (0x000000076b854ab0) thrown at [C:\re\workspace\8-2-build-windows-amd64-cygwin\jdk8u91\6644\hotspot\src\share\vm\prims\jvm.cpp, line 1386]
Event: 0.148 Thread 0x00000000021e0800 Exception <a 'java/security/PrivilegedActionException'> (0x000000076b858658) thrown at [C:\re\workspace\8-2-build-windows-amd64-cygwin\jdk8u91\6644\hotspot\src\share\vm\prims\jvm.cpp, line 1386]
Event: 0.148 Thread 0x00000000021e0800 Exception <a 'java/security/PrivilegedActionException'> (0x000000076b858868) thrown at [C:\re\workspace\8-2-build-windows-amd64-cygwin\jdk8u91\6644\hotspot\src\share\vm\prims\jvm.cpp, line 1386]
Event: 0.231 Thread 0x00000000021e0800 Exception <a 'java/lang/NoSuchFieldError': method resolution failed> (0x000000076ba0f600) thrown at [C:\re\workspace\8-2-build-windows-amd64-cygwin\jdk8u91\6644\hotspot\src\share\vm\prims\methodHandles.cpp, line 1146]
Event: 0.233 Thread 0x00000000021e0800 Exception <a 'java/lang/NoSuchFieldError': method resolution failed> (0x000000076ba1cd20) thrown at [C:\re\workspace\8-2-build-windows-amd64-cygwin\jdk8u91\6644\hotspot\src\share\vm\prims\methodHandles.cpp, line 1146]
Event: 3.237 Thread 0x000000001d63b000 Implicit null exception at 0x00000000028cf86d to 0x00000000028d42e9

Events (10 events):
Event: 1.492 loading class com/impinj/octane/ReadResultStatus
Event: 1.492 loading class com/impinj/octane/ReadResultStatus done
Event: 2.236 loading class java/util/AbstractList$1
Event: 2.236 loading class java/util/AbstractList$1 done
Event: 2.248 Thread 0x000000001d63b000 DEOPT PACKING pc=0x00000000027b3d13 sp=0x000000001e67e1e0
Event: 2.248 Thread 0x000000001d63b000 DEOPT UNPACKING pc=0x000000000232787f sp=0x000000001e67dff8 mode 0
Event: 2.493 Thread 0x000000001d63b000 DEOPT PACKING pc=0x00000000027b3d13 sp=0x000000001e67e1e0
Event: 2.493 Thread 0x000000001d63b000 DEOPT UNPACKING pc=0x000000000232787f sp=0x000000001e67dff8 mode 0
Event: 2.741 Executing VM operation: ParallelGCFailedAllocation
Event: 2.749 Executing VM operation: ParallelGCFailedAllocation done


Dynamic libraries:
0x00007ff6c0770000 - 0x00007ff6c07a7000 	C:\Program Files\Java\jre1.8.0_91\bin\java.exe
0x00007ffa89a50000 - 0x00007ffa89c11000 	C:\WINDOWS\SYSTEM32\ntdll.dll
0x00007ffa896e0000 - 0x00007ffa8978d000 	C:\WINDOWS\system32\KERNEL32.DLL
0x00007ffa86410000 - 0x00007ffa865f8000 	C:\WINDOWS\system32\KERNELBASE.dll
0x00007ffa897d0000 - 0x00007ffa89877000 	C:\WINDOWS\system32\ADVAPI32.dll
0x00007ffa872b0000 - 0x00007ffa8734d000 	C:\WINDOWS\system32\msvcrt.dll
0x00007ffa87480000 - 0x00007ffa874db000 	C:\WINDOWS\system32\sechost.dll
0x00007ffa87190000 - 0x00007ffa872ac000 	C:\WINDOWS\system32\RPCRT4.dll
0x00007ffa89260000 - 0x00007ffa893b6000 	C:\WINDOWS\system32\USER32.dll
0x00007ffa87000000 - 0x00007ffa87186000 	C:\WINDOWS\system32\GDI32.dll
0x00007ffa807a0000 - 0x00007ffa80a14000 	C:\WINDOWS\WinSxS\amd64_microsoft.windows.common-controls_6595b64144ccf1df_6.0.10586.0_none_8c15ae12515e1c22\COMCTL32.dll
0x00007ffa874f0000 - 0x00007ffa8776d000 	C:\WINDOWS\system32\combase.dll
0x00007ffa86d30000 - 0x00007ffa86d9a000 	C:\WINDOWS\system32\bcryptPrimitives.dll
0x00007ffa89790000 - 0x00007ffa897cb000 	C:\WINDOWS\system32\IMM32.DLL
0x00007ffa85f60000 - 0x00007ffa85f91000 	C:\WINDOWS\system32\nvinitx.dll
0x00007ffa85f50000 - 0x00007ffa85f5a000 	C:\WINDOWS\SYSTEM32\VERSION.dll
0x0000000069070000 - 0x0000000069076000 	C:\Program Files\NVIDIA Corporation\CoProcManager\_etoured.dll
0x00007ffa84970000 - 0x00007ffa849a3000 	C:\Program Files\NVIDIA Corporation\CoProcManager\nvd3d9wrapx.dll
0x00007ffa88e30000 - 0x00007ffa89259000 	C:\WINDOWS\system32\SETUPAPI.dll
0x00007ffa86da0000 - 0x00007ffa86de3000 	C:\WINDOWS\system32\CFGMGR32.dll
0x00007ffa83a40000 - 0x00007ffa83a62000 	C:\Program Files\NVIDIA Corporation\CoProcManager\nvdxgiwrapx.dll
0x0000000067470000 - 0x0000000067542000 	C:\Program Files\Java\jre1.8.0_91\bin\msvcr100.dll
0x0000000066bd0000 - 0x0000000067463000 	C:\Program Files\Java\jre1.8.0_91\bin\server\jvm.dll
0x00007ffa874e0000 - 0x00007ffa874e8000 	C:\WINDOWS\system32\PSAPI.DLL
0x00007ffa84610000 - 0x00007ffa84633000 	C:\WINDOWS\SYSTEM32\WINMM.dll
0x00007ffa7c160000 - 0x00007ffa7c169000 	C:\WINDOWS\SYSTEM32\WSOCK32.dll
0x00007ffa89480000 - 0x00007ffa894eb000 	C:\WINDOWS\system32\WS2_32.dll
0x0000000002030000 - 0x000000000205c000 	C:\WINDOWS\SYSTEM32\WINMMBASE.dll
0x0000000066bc0000 - 0x0000000066bcf000 	C:\Program Files\Java\jre1.8.0_91\bin\verify.dll
0x0000000066b90000 - 0x0000000066bb9000 	C:\Program Files\Java\jre1.8.0_91\bin\java.dll
0x0000000066b70000 - 0x0000000066b86000 	C:\Program Files\Java\jre1.8.0_91\bin\zip.dll
0x00007ffa878d0000 - 0x00007ffa88e2c000 	C:\WINDOWS\system32\SHELL32.dll
0x00007ffa86620000 - 0x00007ffa86c64000 	C:\WINDOWS\system32\windows.storage.dll
0x00007ffa899f0000 - 0x00007ffa89a42000 	C:\WINDOWS\system32\shlwapi.dll
0x00007ffa860f0000 - 0x00007ffa860ff000 	C:\WINDOWS\system32\kernel.appcore.dll
0x00007ffa86c70000 - 0x00007ffa86d25000 	C:\WINDOWS\system32\shcore.dll
0x00007ffa86090000 - 0x00007ffa860db000 	C:\WINDOWS\system32\powrprof.dll
0x00007ffa86070000 - 0x00007ffa86084000 	C:\WINDOWS\system32\profapi.dll
0x0000000517c70000 - 0x0000000517c89000 	C:\Users\Jonathan\Documents\ArchShare\src\Java\Octane_SDK_Java_1_22_0\CRFIDVirus\CRFIDVirus.dll
0x0000000180040000 - 0x0000000180630000 	C:\cygwin64\bin\cygwin1.dll
0x0000000066b50000 - 0x0000000066b6a000 	C:\Program Files\Java\jre1.8.0_91\bin\net.dll
0x00007ffa858f0000 - 0x00007ffa8594c000 	C:\WINDOWS\system32\mswsock.dll
0x0000000066b30000 - 0x0000000066b41000 	C:\Program Files\Java\jre1.8.0_91\bin\nio.dll
0x00007ffa859a0000 - 0x00007ffa859b7000 	C:\WINDOWS\SYSTEM32\CRYPTSP.dll
0x00007ffa85630000 - 0x00007ffa85664000 	C:\WINDOWS\system32\rsaenh.dll
0x00007ffa85fb0000 - 0x00007ffa85fd9000 	C:\WINDOWS\SYSTEM32\bcrypt.dll
0x00007ffa85780000 - 0x00007ffa8579f000 	C:\WINDOWS\SYSTEM32\USERENV.dll
0x00007ffa85ac0000 - 0x00007ffa85acb000 	C:\WINDOWS\SYSTEM32\CRYPTBASE.dll
0x00007ffa7e650000 - 0x00007ffa7e7dc000 	C:\WINDOWS\SYSTEM32\dbghelp.dll

VM Arguments:
jvm_args: -Dhostname=169.254.18.118 -Djava.library.path=. 
java_command: CRFIDVirus
java_class_path (initial): ../lib/OctaneSDKJava-1.22.0.30-jar-with-dependencies.jar;.
Launcher Type: SUN_STANDARD

Environment Variables:
PATH=C:\cygwin64\usr\local\bin;C:\cygwin64\bin;C:\ProgramData\Oracle\Java\javapath;C:\Python34;C:\Python34\Scripts;C:\Windows\system32;C:\Windows;C:\Windows\System32\Wbem;C:\Windows\System32\WindowsPowerShell\v1.0;C:\Program Files (x86)\NVIDIA Corporation\PhysX\Common;C:\Program Files (x86)\Windows Kits\8.1\Windows Performance Toolkit;C:\Program Files\Microsoft SQL Server\110\Tools\Binn;C:\Program Files (x86)\Microsoft SDKs\TypeScript\1.0;C:\Program Files\Microsoft SQL Server\120\Tools\Binn;C:\WINDOWS\system32;C:\WINDOWS;C:\WINDOWS\System32\Wbem;C:\WINDOWS\System32\WindowsPowerShell\v1.0;C:\Program Files\TortoiseSVN\bin;C:\texlive\2015\bin\win32;C:\Program Files (x86)\Skype\Phone;C:\Users\Jonathan\AppData\Local\atom\bin;C:\Program Files (x86)\Nmap
USERNAME=Jonathan
SHELL=/bin/zsh
OS=Windows_NT
PROCESSOR_IDENTIFIER=Intel64 Family 6 Model 58 Stepping 9, GenuineIntel



---------------  S Y S T E M  ---------------

OS: Windows 10.0 , 64 bit Build 10586 (10.0.10586.0)

CPU:total 4 (2 cores per cpu, 2 threads per core) family 6 model 58 stepping 9, cmov, cx8, fxsr, mmx, sse, sse2, sse3, ssse3, sse4.1, sse4.2, popcnt, avx, aes, clmul, erms, ht, tsc, tscinvbit, tscinv

Memory: 4k page, physical 16659952k(9722348k free), swap 19150320k(10827696k free)

vm_info: Java HotSpot(TM) 64-Bit Server VM (25.91-b14) for windows-amd64 JRE (1.8.0_91-b14), built on Apr  1 2016 00:58:32 by "java_re" with MS VC++ 10.0 (VS2010)

time: Fri Jun 10 00:59:52 2016
elapsed time: 3 seconds (0d 0h 0m 3s)

