#
# A fatal error has been detected by the Java Runtime Environment:
#
#  EXCEPTION_ACCESS_VIOLATION (0xc0000005) at pc=0x00007ffa89a87151, pid=77464, tid=19068
#
# JRE version: Java(TM) SE Runtime Environment (8.0_91-b14) (build 1.8.0_91-b14)
# Java VM: Java HotSpot(TM) 64-Bit Server VM (25.91-b14 mixed mode windows-amd64 compressed oops)
# Problematic frame:
# C  [ntdll.dll+0x37151]
#
# Failed to write core dump. Minidumps are not enabled by default on client versions of Windows
#
# If you would like to submit a bug report, please visit:
#   http://bugreport.java.com/bugreport/crash.jsp
#

---------------  T H R E A D  ---------------

Current thread (0x000000001dc71000):  JavaThread "NioProcessor-2" [_thread_in_Java, id=19068, stack(0x000000001e610000,0x000000001e710000)]

siginfo: ExceptionCode=0xc0000005, reading address 0x000000000c51b6a0

Registers:
RAX=0x000000001e70e320, RBX=0x000000001e70d740, RCX=0x0000000000000000, RDX=0x00000000023c0000
RSP=0x000000001e70cd20, RBP=0x00000000023c017c, RSI=0x0000000000000000, RDI=0x000000000c51b6a0
R8 =0x000000000c51b6a0, R9 =0x00000000023c0170, R10=0x0000000000000000, R11=0x00000000023c0000
R12=0x0000000000000000, R13=0x000000001e70ce50, R14=0x00000000023c0170, R15=0x0000000000000001
RIP=0x00007ffa89a87151, EFLAGS=0x0000000000010297

Top of Stack: (sp=0x000000001e70cd20)
0x000000001e70cd20:   000000001b01bd18 0000000066c91eb2
0x000000001e70cd30:   000000001d4ad1b0 00000007c00069a0
0x000000001e70cd40:   00000007c00069a0 00000007c00069a0
0x000000001e70cd50:   00000007c0006901 000000001dc71000
0x000000001e70cd60:   000000001e70ce60 00007ffa89ac1d91
0x000000001e70cd70:   00000000005001d0 00000001800726e0
0x000000001e70cd80:   0000000000000000 00007ffa89b92278
0x000000001e70cd90:   00000000005001c0 000000001e710000
0x000000001e70cda0:   00007ffa89b92270 00007ffa8970a447
0x000000001e70cdb0:   0000000000000000 00000000023c0000
0x000000001e70cdc0:   000000001e70d740 00000000023c0170
0x000000001e70cdd0:   000000001e70d740 000000001e70ce58
0x000000001e70cde0:   000000001e70ce50 0000000000000000
0x000000001e70cdf0:   00000000005001c0 0000000180071280
0x000000001e70ce00:   000000001e70d740 000000001e710000
0x000000001e70ce10:   000000001dc71000 000000001dc71000 

Instructions: (pc=0x00007ffa89a87151)
0x00007ffa89a87131:   00 00 48 8b 83 98 00 00 00 49 89 45 00 45 85 e4
0x00007ffa89a87141:   0f 85 82 00 00 00 41 83 ff 02 0f 83 d4 03 00 00
0x00007ffa89a87151:   80 3f 48 48 8b cf 44 8b fe 41 b4 f8 0f 84 c9 02
0x00007ffa89a87161:   00 00 8a 07 24 fe 3c 48 0f 84 6e 02 00 00 8a 11 


Register to memory mapping:

RAX=0x000000001e70e320 is pointing into the stack for thread: 0x000000001dc71000
RBX=0x000000001e70d740 is pointing into the stack for thread: 0x000000001dc71000
RCX=0x0000000000000000 is an unknown value
RDX=0x00000000023c0000 is an unknown value
RSP=0x000000001e70cd20 is pointing into the stack for thread: 0x000000001dc71000
RBP=0x00000000023c017c is at code_begin+28 in 
[CodeBlob (0x00000000023c0110)]
Framesize: 0
BufferBlob (0x00000000023c0110) used for CodeCache Exception Handler
RSI=0x0000000000000000 is an unknown value
RDI=0x000000000c51b6a0 is an unknown value
R8 =0x000000000c51b6a0 is an unknown value
R9 =0x00000000023c0170 is at code_begin+16 in 
[CodeBlob (0x00000000023c0110)]
Framesize: 0
BufferBlob (0x00000000023c0110) used for CodeCache Exception Handler
R10=0x0000000000000000 is an unknown value
R11=0x00000000023c0000 is an unknown value
R12=0x0000000000000000 is an unknown value
R13=0x000000001e70ce50 is pointing into the stack for thread: 0x000000001dc71000
R14=0x00000000023c0170 is at code_begin+16 in 
[CodeBlob (0x00000000023c0110)]
Framesize: 0
BufferBlob (0x00000000023c0110) used for CodeCache Exception Handler
R15=0x0000000000000001 is an unknown value


Stack: [0x000000001e610000,0x000000001e710000],  sp=0x000000001e70cd20,  free space=1011k
Native frames: (J=compiled Java code, j=interpreted, Vv=VM code, C=native code)
C  [ntdll.dll+0x37151]
C  [KERNEL32.DLL+0x2a447]
C  [cygwin1.dll+0x31280]
C  [cygwin1.dll+0x32718]
C  [ntdll.dll+0x6e763]
C  [ntdll.dll+0x35443]
C  [ntdll.dll+0xa8c0a]
C  0x00000000029cb8d7


---------------  P R O C E S S  ---------------

Java Threads: ( => current thread )
  0x000000001e983000 JavaThread "AsyncMessageHandler" daemon [_thread_blocked, id=47932, stack(0x000000001f8e0000,0x000000001f9e0000)]
=>0x000000001dc71000 JavaThread "NioProcessor-2" [_thread_in_Java, id=19068, stack(0x000000001e610000,0x000000001e710000)]
  0x000000001dc5d800 JavaThread "NioSocketConnector-1" [_thread_in_native, id=123436, stack(0x000000001e510000,0x000000001e610000)]
  0x000000001d300800 JavaThread "Service Thread" daemon [_thread_blocked, id=103676, stack(0x000000001d6d0000,0x000000001d7d0000)]
  0x000000001b995800 JavaThread "C1 CompilerThread2" daemon [_thread_in_vm, id=5932, stack(0x000000001d1d0000,0x000000001d2d0000)]
  0x000000001b993000 JavaThread "C2 CompilerThread1" daemon [_thread_blocked, id=50940, stack(0x000000001d0d0000,0x000000001d1d0000)]
  0x000000001b991000 JavaThread "C2 CompilerThread0" daemon [_thread_blocked, id=82208, stack(0x000000001cfd0000,0x000000001d0d0000)]
  0x000000001b98f000 JavaThread "Attach Listener" daemon [_thread_blocked, id=55116, stack(0x000000001ced0000,0x000000001cfd0000)]
  0x000000001b98d800 JavaThread "Signal Dispatcher" daemon [_thread_blocked, id=28948, stack(0x000000001cdd0000,0x000000001ced0000)]
  0x000000001b97a000 JavaThread "Finalizer" daemon [_thread_blocked, id=132660, stack(0x000000001cbf0000,0x000000001ccf0000)]
  0x00000000023af000 JavaThread "Reference Handler" daemon [_thread_blocked, id=88248, stack(0x000000001caf0000,0x000000001cbf0000)]
  0x00000000022c0800 JavaThread "main" [_thread_blocked, id=33528, stack(0x00000000021c0000,0x00000000022c0000)]

Other Threads:
  0x000000001b958000 VMThread [stack: 0x000000001c9f0000,0x000000001caf0000] [id=66296]
  0x000000001d303000 WatcherThread [stack: 0x000000001d7d0000,0x000000001d8d0000] [id=108236]

VM state:synchronizing (normal execution)

VM Mutex/Monitor currently owned by a thread:  ([mutex/lock_event])
[0x00000000020ebf30] Safepoint_lock - owner thread: 0x000000001b958000
[0x00000000020ecd30] Threads_lock - owner thread: 0x000000001b958000

Heap:
 PSYoungGen      total 76288K, used 10872K [0x000000076b400000, 0x0000000770900000, 0x00000007c0000000)
  eden space 65536K, 12% used [0x000000076b400000,0x000000076bbde2d8,0x000000076f400000)
  from space 10752K, 26% used [0x000000076fe80000,0x0000000770140020,0x0000000770900000)
  to   space 10752K, 0% used [0x000000076f400000,0x000000076f400000,0x000000076fe80000)
 ParOldGen       total 175104K, used 96K [0x00000006c1c00000, 0x00000006cc700000, 0x000000076b400000)
  object space 175104K, 0% used [0x00000006c1c00000,0x00000006c1c18010,0x00000006cc700000)
 Metaspace       used 12389K, capacity 12524K, committed 12672K, reserved 1060864K
  class space    used 1300K, capacity 1368K, committed 1408K, reserved 1048576K

Card table byte_map: [0x0000000011780000,0x0000000011f80000] byte_map_base: 0x000000000e172000

Marking Bits: (ParMarkBitMap*) 0x00000000673e2f70
 Begin Bits: [0x00000000128d0000, 0x0000000016860000)
 End Bits:   [0x0000000016860000, 0x000000001a7f0000)

Polling page: 0x00000000001f0000

CodeCache: size=245760Kb used=8236Kb max_used=8237Kb free=237523Kb
 bounds [0x00000000023c0000, 0x0000000002be0000, 0x00000000113c0000]
 total_blobs=2204 nmethods=1849 adapters=267
 compilation: enabled

Compilation events (10 events):
Event: 10.678 Thread 0x000000001b995800 1845       3       java.lang.Thread::isInterrupted (6 bytes)
Event: 10.678 Thread 0x000000001b995800 nmethod 1845 0x0000000002bbf250 code [0x0000000002bbf3c0, 0x0000000002bbf548]
Event: 10.925 Thread 0x000000001b995800 1846       3       java.nio.channels.spi.AbstractInterruptibleChannel::blockedOn (13 bytes)
Event: 10.925 Thread 0x000000001b995800 nmethod 1846 0x0000000002bbe990 code [0x0000000002bbeb20, 0x0000000002bbf030]
Event: 10.926 Thread 0x000000001b995800 1847       3       java.lang.System$2::blockedOn (6 bytes)
Event: 10.926 Thread 0x000000001b995800 nmethod 1847 0x0000000002bc2c50 code [0x0000000002bc2dc0, 0x0000000002bc31b0]
Event: 10.926 Thread 0x000000001b995800 1848   !   3       java.lang.Thread::blockedOn (23 bytes)
Event: 10.926 Thread 0x000000001b995800 nmethod 1848 0x0000000002bbe3d0 code [0x0000000002bbe540, 0x0000000002bbe850]
Event: 10.926 Thread 0x000000001b995800 1849       1       java.nio.HeapByteBuffer::isReadOnly (2 bytes)
Event: 10.927 Thread 0x000000001b995800 nmethod 1849 0x0000000002bc2990 code [0x0000000002bc2ae0, 0x0000000002bc2bf0]

GC Heap History (4 events):
Event: 4.420 GC heap before
{Heap before GC invocations=1 (full 0):
 PSYoungGen      total 76288K, used 65536K [0x000000076b400000, 0x0000000770900000, 0x00000007c0000000)
  eden space 65536K, 100% used [0x000000076b400000,0x000000076f400000,0x000000076f400000)
  from space 10752K, 0% used [0x000000076fe80000,0x000000076fe80000,0x0000000770900000)
  to   space 10752K, 0% used [0x000000076f400000,0x000000076f400000,0x000000076fe80000)
 ParOldGen       total 175104K, used 0K [0x00000006c1c00000, 0x00000006cc700000, 0x000000076b400000)
  object space 175104K, 0% used [0x00000006c1c00000,0x00000006c1c00000,0x00000006cc700000)
 Metaspace       used 12024K, capacity 12204K, committed 12416K, reserved 1060864K
  class space    used 1300K, capacity 1368K, committed 1408K, reserved 1048576K
Event: 4.428 GC heap after
Heap after GC invocations=1 (full 0):
 PSYoungGen      total 76288K, used 7242K [0x000000076b400000, 0x0000000770900000, 0x00000007c0000000)
  eden space 65536K, 0% used [0x000000076b400000,0x000000076b400000,0x000000076f400000)
  from space 10752K, 67% used [0x000000076f400000,0x000000076fb12830,0x000000076fe80000)
  to   space 10752K, 0% used [0x000000076fe80000,0x000000076fe80000,0x0000000770900000)
 ParOldGen       total 175104K, used 88K [0x00000006c1c00000, 0x00000006cc700000, 0x000000076b400000)
  object space 175104K, 0% used [0x00000006c1c00000,0x00000006c1c16010,0x00000006cc700000)
 Metaspace       used 12024K, capacity 12204K, committed 12416K, reserved 1060864K
  class space    used 1300K, capacity 1368K, committed 1408K, reserved 1048576K
}
Event: 9.922 GC heap before
{Heap before GC invocations=2 (full 0):
 PSYoungGen      total 76288K, used 72778K [0x000000076b400000, 0x0000000770900000, 0x00000007c0000000)
  eden space 65536K, 100% used [0x000000076b400000,0x000000076f400000,0x000000076f400000)
  from space 10752K, 67% used [0x000000076f400000,0x000000076fb12830,0x000000076fe80000)
  to   space 10752K, 0% used [0x000000076fe80000,0x000000076fe80000,0x0000000770900000)
 ParOldGen       total 175104K, used 88K [0x00000006c1c00000, 0x00000006cc700000, 0x000000076b400000)
  object space 175104K, 0% used [0x00000006c1c00000,0x00000006c1c16010,0x00000006cc700000)
 Metaspace       used 12387K, capacity 12524K, committed 12672K, reserved 1060864K
  class space    used 1300K, capacity 1368K, committed 1408K, reserved 1048576K
Event: 9.927 GC heap after
Heap after GC invocations=2 (full 0):
 PSYoungGen      total 76288K, used 2816K [0x000000076b400000, 0x0000000770900000, 0x00000007c0000000)
  eden space 65536K, 0% used [0x000000076b400000,0x000000076b400000,0x000000076f400000)
  from space 10752K, 26% used [0x000000076fe80000,0x0000000770140020,0x0000000770900000)
  to   space 10752K, 0% used [0x000000076f400000,0x000000076f400000,0x000000076fe80000)
 ParOldGen       total 175104K, used 96K [0x00000006c1c00000, 0x00000006cc700000, 0x000000076b400000)
  object space 175104K, 0% used [0x00000006c1c00000,0x00000006c1c18010,0x00000006cc700000)
 Metaspace       used 12387K, capacity 12524K, committed 12672K, reserved 1060864K
  class space    used 1300K, capacity 1368K, committed 1408K, reserved 1048576K
}

Deoptimization events (10 events):
Event: 0.759 Thread 0x000000001dc71000 Uncommon trap: reason=unstable_if action=reinterpret pc=0x0000000002683c80 method=org.apache.xerces.impl.XMLEntityScanner.peekChar()I @ 14
Event: 0.775 Thread 0x000000001dc71000 Uncommon trap: reason=unstable_if action=reinterpret pc=0x0000000002615970 method=org.apache.xerces.impl.XMLEntityScanner.scanLiteral(ILorg/apache/xerces/xni/XMLString;)I @ 43
Event: 0.922 Thread 0x000000001dc71000 Uncommon trap: reason=unstable_if action=reinterpret pc=0x000000000275f4d8 method=org.llrp.ltk.types.LLRPBitList.subList(Ljava/lang/Integer;Ljava/lang/Integer;)Lorg/llrp/ltk/types/LLRPBitList; @ 33
Event: 0.958 Thread 0x000000001dc71000 Uncommon trap: reason=unstable_if action=reinterpret pc=0x0000000002751144 method=org.jdom.Verifier.isXMLLetter(C)Z @ 3
Event: 0.989 Thread 0x000000001dc71000 Uncommon trap: reason=unstable_if action=reinterpret pc=0x000000000262451c method=org.apache.xerces.util.SymbolTable.addSymbol([CII)Ljava/lang/String; @ 56
Event: 1.097 Thread 0x000000001dc71000 Uncommon trap: reason=unstable_if action=reinterpret pc=0x00000000026f6e50 method=org.apache.xerces.util.NamespaceSupport.pushContext()V @ 11
Event: 1.439 Thread 0x000000001e983000 Uncommon trap: reason=unstable_if action=reinterpret pc=0x0000000002764a68 method=java.lang.CharacterDataLatin1.digit(II)I @ 31
Event: 1.439 Thread 0x000000001e983000 Uncommon trap: reason=unstable_if action=reinterpret pc=0x00000000027615a8 method=java.lang.CharacterDataLatin1.digit(II)I @ 31
Event: 1.439 Thread 0x000000001e983000 Uncommon trap: reason=unstable_if action=reinterpret pc=0x000000000274fde8 method=java.lang.CharacterDataLatin1.digit(II)I @ 31
Event: 5.421 Thread 0x000000001dc71000 Uncommon trap: reason=null_check action=make_not_entrant pc=0x0000000002a0eb64 method=org.jdom.output.XMLOutputter.printNamespace(Ljava/io/Writer;Lorg/jdom/Namespace;Lorg/jdom/output/XMLOutputter$NamespaceStack;)V @ 20

Internal exceptions (9 events):
Event: 0.028 Thread 0x00000000022c0800 Exception <a 'java/lang/NoSuchMethodError': Method sun.misc.Unsafe.defineClass(Ljava/lang/String;[BII)Ljava/lang/Class; name or signature does not match> (0x000000076b407cc0) thrown at [C:\re\workspace\8-2-build-windows-amd64-cygwin\jdk8u91\6644\hotspot\srÍ¶§œ?
Event: 0.028 Thread 0x00000000022c0800 Exception <a 'java/lang/NoSuchMethodError': Method sun.misc.Unsafe.prefetchRead(Ljava/lang/Object;J)V name or signature does not match> (0x000000076b407fa8) thrown at [C:\re\workspace\8-2-build-windows-amd64-cygwin\jdk8u91\6644\hotspot\src\share\vm\prims\jg@]X3Ã?
Event: 0.150 Thread 0x00000000022c0800 Exception <a 'java/security/PrivilegedActionException'> (0x000000076b854378) thrown at [C:\re\workspace\8-2-build-windows-amd64-cygwin\jdk8u91\6644\hotspot\src\share\vm\prims\jvm.cpp, line 1386]
Event: 0.150 Thread 0x00000000022c0800 Exception <a 'java/security/PrivilegedActionException'> (0x000000076b854588) thrown at [C:\re\workspace\8-2-build-windows-amd64-cygwin\jdk8u91\6644\hotspot\src\share\vm\prims\jvm.cpp, line 1386]
Event: 0.151 Thread 0x00000000022c0800 Exception <a 'java/security/PrivilegedActionException'> (0x000000076b858130) thrown at [C:\re\workspace\8-2-build-windows-amd64-cygwin\jdk8u91\6644\hotspot\src\share\vm\prims\jvm.cpp, line 1386]
Event: 0.151 Thread 0x00000000022c0800 Exception <a 'java/security/PrivilegedActionException'> (0x000000076b858340) thrown at [C:\re\workspace\8-2-build-windows-amd64-cygwin\jdk8u91\6644\hotspot\src\share\vm\prims\jvm.cpp, line 1386]
Event: 0.235 Thread 0x00000000022c0800 Exception <a 'java/lang/NoSuchFieldError': method resolution failed> (0x000000076ba0efd8) thrown at [C:\re\workspace\8-2-build-windows-amd64-cygwin\jdk8u91\6644\hotspot\src\share\vm\prims\methodHandles.cpp, line 1146]
Event: 0.237 Thread 0x00000000022c0800 Exception <a 'java/lang/NoSuchFieldError': method resolution failed> (0x000000076ba1c6f8) thrown at [C:\re\workspace\8-2-build-windows-amd64-cygwin\jdk8u91\6644\hotspot\src\share\vm\prims\methodHandles.cpp, line 1146]
Event: 5.421 Thread 0x000000001dc71000 Implicit null exception at 0x0000000002a0a0ee to 0x0000000002a0eb41

Events (10 events):
Event: 3.949 Thread 0x000000001dc71000 DEOPT UNPACKING pc=0x000000000240787f sp=0x000000001e70da08 mode 0
Event: 4.114 Executing VM operation: EnableBiasedLocking
Event: 4.114 Executing VM operation: EnableBiasedLocking done
Event: 4.420 Executing VM operation: ParallelGCFailedAllocation
Event: 4.428 Executing VM operation: ParallelGCFailedAllocation done
Event: 5.421 Thread 0x000000001dc71000 Uncommon trap: trap_request=0xfffffff4 fr.pc=0x0000000002a0eb64
Event: 5.421 Thread 0x000000001dc71000 DEOPT PACKING pc=0x0000000002a0eb64 sp=0x000000001e70dca0
Event: 5.421 Thread 0x000000001dc71000 DEOPT UNPACKING pc=0x000000000240582a sp=0x000000001e70dcd0 mode 2
Event: 9.922 Executing VM operation: ParallelGCFailedAllocation
Event: 9.927 Executing VM operation: ParallelGCFailedAllocation done


Dynamic libraries:
0x00007ff6c0770000 - 0x00007ff6c07a7000 	C:\Program Files\Java\jre1.8.0_91\bin\java.exe
0x00007ffa89a50000 - 0x00007ffa89c11000 	C:\WINDOWS\SYSTEM32\ntdll.dll
0x00007ffa896e0000 - 0x00007ffa8978d000 	C:\WINDOWS\system32\KERNEL32.DLL
0x00007ffa86410000 - 0x00007ffa865f8000 	C:\WINDOWS\system32\KERNELBASE.dll
0x00007ffa897d0000 - 0x00007ffa89877000 	C:\WINDOWS\system32\ADVAPI32.dll
0x00007ffa872b0000 - 0x00007ffa8734d000 	C:\WINDOWS\system32\msvcrt.dll
0x00007ffa87480000 - 0x00007ffa874db000 	C:\WINDOWS\system32\sechost.dll
0x00007ffa87190000 - 0x00007ffa872ac000 	C:\WINDOWS\system32\RPCRT4.dll
0x00007ffa89260000 - 0x00007ffa893b6000 	C:\WINDOWS\system32\USER32.dll
0x00007ffa87000000 - 0x00007ffa87186000 	C:\WINDOWS\system32\GDI32.dll
0x00007ffa807a0000 - 0x00007ffa80a14000 	C:\WINDOWS\WinSxS\amd64_microsoft.windows.common-controls_6595b64144ccf1df_6.0.10586.0_none_8c15ae12515e1c22\COMCTL32.dll
0x00007ffa874f0000 - 0x00007ffa8776d000 	C:\WINDOWS\system32\combase.dll
0x00007ffa86d30000 - 0x00007ffa86d9a000 	C:\WINDOWS\system32\bcryptPrimitives.dll
0x00007ffa89790000 - 0x00007ffa897cb000 	C:\WINDOWS\system32\IMM32.DLL
0x00007ffa85f60000 - 0x00007ffa85f91000 	C:\WINDOWS\system32\nvinitx.dll
0x00007ffa85f50000 - 0x00007ffa85f5a000 	C:\WINDOWS\SYSTEM32\VERSION.dll
0x0000000069070000 - 0x0000000069076000 	C:\Program Files\NVIDIA Corporation\CoProcManager\_etoured.dll
0x00007ffa84970000 - 0x00007ffa849a3000 	C:\Program Files\NVIDIA Corporation\CoProcManager\nvd3d9wrapx.dll
0x00007ffa88e30000 - 0x00007ffa89259000 	C:\WINDOWS\system32\SETUPAPI.dll
0x00007ffa86da0000 - 0x00007ffa86de3000 	C:\WINDOWS\system32\CFGMGR32.dll
0x00007ffa83a40000 - 0x00007ffa83a62000 	C:\Program Files\NVIDIA Corporation\CoProcManager\nvdxgiwrapx.dll
0x0000000067470000 - 0x0000000067542000 	C:\Program Files\Java\jre1.8.0_91\bin\msvcr100.dll
0x0000000066bd0000 - 0x0000000067463000 	C:\Program Files\Java\jre1.8.0_91\bin\server\jvm.dll
0x00007ffa874e0000 - 0x00007ffa874e8000 	C:\WINDOWS\system32\PSAPI.DLL
0x00007ffa7c160000 - 0x00007ffa7c169000 	C:\WINDOWS\SYSTEM32\WSOCK32.dll
0x00007ffa84610000 - 0x00007ffa84633000 	C:\WINDOWS\SYSTEM32\WINMM.dll
0x00007ffa89480000 - 0x00007ffa894eb000 	C:\WINDOWS\system32\WS2_32.dll
0x0000000000900000 - 0x000000000092c000 	C:\WINDOWS\SYSTEM32\WINMMBASE.dll
0x0000000066bc0000 - 0x0000000066bcf000 	C:\Program Files\Java\jre1.8.0_91\bin\verify.dll
0x0000000066b90000 - 0x0000000066bb9000 	C:\Program Files\Java\jre1.8.0_91\bin\java.dll
0x0000000066b70000 - 0x0000000066b86000 	C:\Program Files\Java\jre1.8.0_91\bin\zip.dll
0x00007ffa878d0000 - 0x00007ffa88e2c000 	C:\WINDOWS\system32\SHELL32.dll
0x00007ffa86620000 - 0x00007ffa86c64000 	C:\WINDOWS\system32\windows.storage.dll
0x00007ffa899f0000 - 0x00007ffa89a42000 	C:\WINDOWS\system32\shlwapi.dll
0x00007ffa860f0000 - 0x00007ffa860ff000 	C:\WINDOWS\system32\kernel.appcore.dll
0x00007ffa86c70000 - 0x00007ffa86d25000 	C:\WINDOWS\system32\shcore.dll
0x00007ffa86090000 - 0x00007ffa860db000 	C:\WINDOWS\system32\powrprof.dll
0x00007ffa86070000 - 0x00007ffa86084000 	C:\WINDOWS\system32\profapi.dll
0x0000000517c70000 - 0x0000000517c89000 	C:\Users\Jonathan\Documents\ArchShare\src\Java\Octane_SDK_Java_1_22_0\CRFIDVirus\CRFIDVirus.dll
0x0000000180040000 - 0x0000000180630000 	C:\cygwin64\bin\cygwin1.dll
0x0000000066b50000 - 0x0000000066b6a000 	C:\Program Files\Java\jre1.8.0_91\bin\net.dll
0x00007ffa858f0000 - 0x00007ffa8594c000 	C:\WINDOWS\system32\mswsock.dll
0x0000000066b30000 - 0x0000000066b41000 	C:\Program Files\Java\jre1.8.0_91\bin\nio.dll
0x00007ffa859a0000 - 0x00007ffa859b7000 	C:\WINDOWS\SYSTEM32\CRYPTSP.dll
0x00007ffa85630000 - 0x00007ffa85664000 	C:\WINDOWS\system32\rsaenh.dll
0x00007ffa85fb0000 - 0x00007ffa85fd9000 	C:\WINDOWS\SYSTEM32\bcrypt.dll
0x00007ffa85780000 - 0x00007ffa8579f000 	C:\WINDOWS\SYSTEM32\USERENV.dll
0x00007ffa85ac0000 - 0x00007ffa85acb000 	C:\WINDOWS\SYSTEM32\CRYPTBASE.dll
0x00007ffa7e650000 - 0x00007ffa7e7dc000 	C:\WINDOWS\SYSTEM32\dbghelp.dll

VM Arguments:
jvm_args: -Dhostname=169.254.18.118 -Djava.library.path=. 
java_command: CRFIDVirus
java_class_path (initial): ../lib/OctaneSDKJava-1.22.0.30-jar-with-dependencies.jar;.
Launcher Type: SUN_STANDARD

Environment Variables:
PATH=C:\cygwin64\usr\local\bin;C:\cygwin64\bin;C:\ProgramData\Oracle\Java\javapath;C:\Python34;C:\Python34\Scripts;C:\Windows\system32;C:\Windows;C:\Windows\System32\Wbem;C:\Windows\System32\WindowsPowerShell\v1.0;C:\Program Files (x86)\NVIDIA Corporation\PhysX\Common;C:\Program Files (x86)\Windows Kits\8.1\Windows Performance Toolkit;C:\Program Files\Microsoft SQL Server\110\Tools\Binn;C:\Program Files (x86)\Microsoft SDKs\TypeScript\1.0;C:\Program Files\Microsoft SQL Server\120\Tools\Binn;C:\WINDOWS\system32;C:\WINDOWS;C:\WINDOWS\System32\Wbem;C:\WINDOWS\System32\WindowsPowerShell\v1.0;C:\Program Files\TortoiseSVN\bin;C:\texlive\2015\bin\win32;C:\Program Files (x86)\Skype\Phone;C:\Users\Jonathan\AppData\Local\atom\bin;C:\Program Files (x86)\Nmap
USERNAME=Jonathan
SHELL=/bin/zsh
OS=Windows_NT
PROCESSOR_IDENTIFIER=Intel64 Family 6 Model 58 Stepping 9, GenuineIntel



---------------  S Y S T E M  ---------------

OS: Windows 10.0 , 64 bit Build 10586 (10.0.10586.0)

CPU:total 4 (2 cores per cpu, 2 threads per core) family 6 model 58 stepping 9, cmov, cx8, fxsr, mmx, sse, sse2, sse3, ssse3, sse4.1, sse4.2, popcnt, avx, aes, clmul, erms, ht, tsc, tscinvbit, tscinv

Memory: 4k page, physical 16659952k(9728388k free), swap 19150320k(10836332k free)

vm_info: Java HotSpot(TM) 64-Bit Server VM (25.91-b14) for windows-amd64 JRE (1.8.0_91-b14), built on Apr  1 2016 00:58:32 by "java_re" with MS VC++ 10.0 (VS2010)

time: Fri Jun 10 00:59:44 2016
elapsed time: 10 seconds (0d 0h 0m 10s)

