#
# A fatal error has been detected by the Java Runtime Environment:
#
#  EXCEPTION_ACCESS_VIOLATION (0xc0000005) at pc=0x00000e35ed741ea5, pid=15388, tid=39576
#
# JRE version: Java(TM) SE Runtime Environment (8.0_91-b14) (build 1.8.0_91-b14)
# Java VM: Java HotSpot(TM) 64-Bit Server VM (25.91-b14 mixed mode windows-amd64 compressed oops)
# Problematic frame:
# C  0x00000e35ed741ea5
#
# Failed to write core dump. Minidumps are not enabled by default on client versions of Windows
#
# If you would like to submit a bug report, please visit:
#   http://bugreport.java.com/bugreport/crash.jsp
#

---------------  T H R E A D  ---------------

Current thread (0x000000001dc23800):  JavaThread "NioProcessor-2" [_thread_in_Java, id=39576, stack(0x000000001e5b0000,0x000000001e6b0000)]

siginfo: ExceptionCode=0xc0000005, ExceptionInformation=0x0000000000000008 0x00000e35ed741ea5

Registers:
RAX=0x000000001dc23805, RBX=0x000000001b64d9b0, RCX=0x0000000000000010, RDX=0x000000076ba0f4d0
RSP=0x000000001e6ae140, RBP=0x000000001e6ae4d0, RSI=0x000000076f53cd78, RDI=0x000000076ba0f4b8
R8 =0x00000000edea79b8, R9 =0x00000000edea79bb, R10=0x0000000000000000, R11=0x000000076f53cdc0
R12=0x0000000000000000, R13=0x00000000ed740e59, R14=0x00000006c1c009b8, R15=0x000000001dc23800
RIP=0x00000e35ed741ea5, EFLAGS=0x0000000000010206

Top of Stack: (sp=0x000000001e6ae140)
0x000000001e6ae140:   000000001b0dac97 000000001e6ae1b8
0x000000001e6ae150:   000000001b0dd4a0 000000001b22b178
0x000000001e6ae160:   000000001b0dacb8 0000000000000000
0x000000001e6ae170:   000000076ba072a0 00000007c0016998
0x000000001e6ae180:   000000076f53cdc0 0000000000000000
0x000000001e6ae190:   000000001dc23800 00000006c1c009b8
0x000000001e6ae1a0:   00000000ed740e59 000000076f53cd78
0x000000001e6ae1b0:   000000076ba0f4b8 edea79b8edea79b2
0x000000001e6ae1c0:   000000076f53cd78 000000076ba072a0
0x000000001e6ae1d0:   000000076ba0f4b8 000000076f53cd78
0x000000001e6ae1e0:   000000001e6ae220 000000001e6ae210
0x000000001e6ae1f0:   000000001b64d9b0 000000076ba071a8
0x000000001e6ae200:   0000000000000010 00000000028e3c80
0x000000001e6ae210:   000000001e6ae258 0000000000000202
0x000000001e6ae220:   000000001e6ae4d0 00000000027097ac
0x000000001e6ae230:   0000000000000007 0000000000000004 

Instructions: (pc=0x00000e35ed741ea5)
0x00000e35ed741e85:   
[error occurred during error reporting (printing registers, top of stack, instructions near pc), id 0xc0000005]

Register to memory mapping:

RAX=0x000000001dc23805 is an unknown value
RBX={method} {0x000000001b64d9b8} 'printNamespace' '(Ljava/io/Writer;Lorg/jdom/Namespace;Lorg/jdom/output/XMLOutputter$NamespaceStack;)V' in 'org/jdom/output/XMLOutputter'
RCX=0x0000000000000010 is an unknown value
RDX=0x000000076ba0f4d0 is an oop
java.util.Stack 
 - klass: 'java/util/Stack'
RSP=0x000000001e6ae140 is pointing into the stack for thread: 0x000000001dc23800
RBP=0x000000001e6ae4d0 is pointing into the stack for thread: 0x000000001dc23800
RSI=0x000000076f53cd78 is an oop
org.jdom.Namespace 
 - klass: 'org/jdom/Namespace'
RDI=0x000000076ba0f4b8 is an oop
org.jdom.output.XMLOutputter$NamespaceStack 
 - klass: 'org/jdom/output/XMLOutputter$NamespaceStack'
R8 =0x00000000edea79b8 is an unknown value
R9 =0x00000000edea79bb is an unknown value
R10=0x0000000000000000 is an unknown value
R11=0x000000076f53cdc0 is an oop
java.lang.String 
 - klass: 'java/lang/String'
R12=0x0000000000000000 is an unknown value
R13=0x00000000ed740e59 is an unknown value
R14=0x00000006c1c009b8 is an oop
java.lang.String 
 - klass: 'java/lang/String'
R15=0x000000001dc23800 is a thread


Stack: [0x000000001e5b0000,0x000000001e6b0000],  sp=0x000000001e6ae140,  free space=1016k
Native frames: (J=compiled Java code, j=interpreted, Vv=VM code, C=native code)
C  0x00000e35ed741ea5


---------------  P R O C E S S  ---------------

Java Threads: ( => current thread )
  0x000000001e111000 JavaThread "AsyncMessageHandler" daemon [_thread_blocked, id=52172, stack(0x000000001f880000,0x000000001f980000)]
=>0x000000001dc23800 JavaThread "NioProcessor-2" [_thread_in_Java, id=39576, stack(0x000000001e5b0000,0x000000001e6b0000)]
  0x000000001dbf3800 JavaThread "NioSocketConnector-1" [_thread_in_native, id=25052, stack(0x000000001e4b0000,0x000000001e5b0000)]
  0x000000001d2b2800 JavaThread "Service Thread" daemon [_thread_blocked, id=85432, stack(0x000000001d670000,0x000000001d770000)]
  0x000000001b941000 JavaThread "C1 CompilerThread2" daemon [_thread_blocked, id=39544, stack(0x000000001d170000,0x000000001d270000)]
  0x000000001b93e000 JavaThread "C2 CompilerThread1" daemon [_thread_blocked, id=110060, stack(0x000000001d070000,0x000000001d170000)]
  0x000000001b93b800 JavaThread "C2 CompilerThread0" daemon [_thread_blocked, id=59684, stack(0x000000001cf70000,0x000000001d070000)]
  0x000000001b93a000 JavaThread "Attach Listener" daemon [_thread_blocked, id=64440, stack(0x000000001ce70000,0x000000001cf70000)]
  0x000000001b945000 JavaThread "Signal Dispatcher" daemon [_thread_blocked, id=94344, stack(0x000000001cd70000,0x000000001ce70000)]
  0x000000001b92a800 JavaThread "Finalizer" daemon [_thread_blocked, id=85960, stack(0x000000001cb90000,0x000000001cc90000)]
  0x000000000230f000 JavaThread "Reference Handler" daemon [_thread_blocked, id=63176, stack(0x000000001ca90000,0x000000001cb90000)]
  0x0000000002220800 JavaThread "main" [_thread_blocked, id=53552, stack(0x0000000002070000,0x0000000002170000)]

Other Threads:
  0x000000001b908000 VMThread [stack: 0x000000001c990000,0x000000001ca90000] [id=44840]
  0x000000001d2b8000 WatcherThread [stack: 0x000000001d770000,0x000000001d870000] [id=3280]

VM state:not at safepoint (normal execution)

VM Mutex/Monitor currently owned by a thread: None

Heap:
 PSYoungGen      total 76288K, used 14364K [0x000000076b400000, 0x0000000770900000, 0x00000007c0000000)
  eden space 65536K, 10% used [0x000000076b400000,0x000000076baf97e0,0x000000076f400000)
  from space 10752K, 67% used [0x000000076f400000,0x000000076fb0d920,0x000000076fe80000)
  to   space 10752K, 0% used [0x000000076fe80000,0x000000076fe80000,0x0000000770900000)
 ParOldGen       total 175104K, used 88K [0x00000006c1c00000, 0x00000006cc700000, 0x000000076b400000)
  object space 175104K, 0% used [0x00000006c1c00000,0x00000006c1c16010,0x00000006cc700000)
 Metaspace       used 12032K, capacity 12208K, committed 12416K, reserved 1060864K
  class space    used 1299K, capacity 1368K, committed 1408K, reserved 1048576K

Card table byte_map: [0x00000000116e0000,0x0000000011ee0000] byte_map_base: 0x000000000e0d2000

Marking Bits: (ParMarkBitMap*) 0x00000000673e2f70
 Begin Bits: [0x0000000012830000, 0x00000000167c0000)
 End Bits:   [0x00000000167c0000, 0x000000001a750000)

Polling page: 0x00000000001f0000

CodeCache: size=245760Kb used=5879Kb max_used=5914Kb free=239880Kb
 bounds [0x0000000002320000, 0x00000000028f0000, 0x0000000011320000]
 total_blobs=1892 nmethods=1537 adapters=267
 compilation: enabled

Compilation events (10 events):
Event: 3.981 Thread 0x000000001b941000 1535       3       java.math.MutableBigInteger::divideMagnitude (1307 bytes)
Event: 3.986 Thread 0x000000001b941000 nmethod 1535 0x00000000028d3550 code [0x00000000028d38e0, 0x00000000028d5b78]
Event: 3.986 Thread 0x000000001b941000 1537       3       java.util.concurrent.ConcurrentLinkedQueue::updateHead (20 bytes)
Event: 3.986 Thread 0x000000001b941000 nmethod 1537 0x00000000028d1e10 code [0x00000000028d1f80, 0x00000000028d2290]
Event: 3.986 Thread 0x000000001b941000 1531       3       java.nio.HeapCharBuffer::<init> (14 bytes)
Event: 3.986 Thread 0x000000001b941000 nmethod 1531 0x00000000028cf110 code [0x00000000028cf280, 0x00000000028cf4c8]
Event: 3.988 Thread 0x000000001b93e000 nmethod 1527 0x00000000028dad90 code [0x00000000028daee0, 0x00000000028db518]
Event: 3.988 Thread 0x000000001b93e000 1536       4       org.apache.xerces.util.AugmentationsImpl::putItem (37 bytes)
Event: 3.992 Thread 0x000000001b93e000 nmethod 1536 0x00000000028db910 code [0x00000000028dba80, 0x00000000028dbf98]
Event: 4.105 Thread 0x000000001b93b800 nmethod 1533 0x00000000028e3910 code [0x00000000028e3c60, 0x00000000028e9990]

GC Heap History (2 events):
Event: 3.477 GC heap before
{Heap before GC invocations=1 (full 0):
 PSYoungGen      total 76288K, used 65536K [0x000000076b400000, 0x0000000770900000, 0x00000007c0000000)
  eden space 65536K, 100% used [0x000000076b400000,0x000000076f400000,0x000000076f400000)
  from space 10752K, 0% used [0x000000076fe80000,0x000000076fe80000,0x0000000770900000)
  to   space 10752K, 0% used [0x000000076f400000,0x000000076f400000,0x000000076fe80000)
 ParOldGen       total 175104K, used 0K [0x00000006c1c00000, 0x00000006cc700000, 0x000000076b400000)
  object space 175104K, 0% used [0x00000006c1c00000,0x00000006c1c00000,0x00000006cc700000)
 Metaspace       used 12011K, capacity 12208K, committed 12416K, reserved 1060864K
  class space    used 1299K, capacity 1368K, committed 1408K, reserved 1048576K
Event: 3.486 GC heap after
Heap after GC invocations=1 (full 0):
 PSYoungGen      total 76288K, used 7222K [0x000000076b400000, 0x0000000770900000, 0x00000007c0000000)
  eden space 65536K, 0% used [0x000000076b400000,0x000000076b400000,0x000000076f400000)
  from space 10752K, 67% used [0x000000076f400000,0x000000076fb0d920,0x000000076fe80000)
  to   space 10752K, 0% used [0x000000076fe80000,0x000000076fe80000,0x0000000770900000)
 ParOldGen       total 175104K, used 88K [0x00000006c1c00000, 0x00000006cc700000, 0x000000076b400000)
  object space 175104K, 0% used [0x00000006c1c00000,0x00000006c1c16010,0x00000006cc700000)
 Metaspace       used 12011K, capacity 12208K, committed 12416K, reserved 1060864K
  class space    used 1299K, capacity 1368K, committed 1408K, reserved 1048576K
}

Deoptimization events (10 events):
Event: 0.794 Thread 0x000000001dc23800 Uncommon trap: reason=unstable_if action=reinterpret pc=0x0000000002658280 method=org.apache.xerces.impl.XMLEntityScanner.skipSpaces()Z @ 154
Event: 0.804 Thread 0x000000001dc23800 Uncommon trap: reason=unstable_if action=reinterpret pc=0x0000000002643980 method=org.apache.xerces.impl.XMLEntityScanner.peekChar()I @ 14
Event: 0.812 Thread 0x000000001dc23800 Uncommon trap: reason=unstable_if action=reinterpret pc=0x000000000257e9f0 method=org.apache.xerces.impl.XMLEntityScanner.scanLiteral(ILorg/apache/xerces/xni/XMLString;)I @ 43
Event: 0.911 Thread 0x000000001dc23800 Uncommon trap: reason=unstable_if action=reinterpret pc=0x0000000002621cb0 method=org.llrp.ltk.types.LLRPBitList.subList(Ljava/lang/Integer;Ljava/lang/Integer;)Lorg/llrp/ltk/types/LLRPBitList; @ 33
Event: 1.047 Thread 0x000000001dc23800 Uncommon trap: reason=unstable_if action=reinterpret pc=0x0000000002582e40 method=org.apache.xerces.util.SymbolTable.addSymbol([CII)Ljava/lang/String; @ 56
Event: 1.057 Thread 0x000000001e111000 Uncommon trap: reason=unstable_if action=reinterpret pc=0x00000000026ecb68 method=java.lang.CharacterDataLatin1.digit(II)I @ 31
Event: 1.057 Thread 0x000000001e111000 Uncommon trap: reason=unstable_if action=reinterpret pc=0x000000000260c9e8 method=java.lang.CharacterDataLatin1.digit(II)I @ 31
Event: 1.057 Thread 0x000000001e111000 Uncommon trap: reason=unstable_if action=reinterpret pc=0x0000000002603268 method=java.lang.CharacterDataLatin1.digit(II)I @ 31
Event: 1.168 Thread 0x000000001dc23800 Uncommon trap: reason=unstable_if action=reinterpret pc=0x0000000002688cd0 method=org.apache.xerces.util.NamespaceSupport.pushContext()V @ 11
Event: 1.191 Thread 0x0000000002220800 Uncommon trap: reason=unstable_if action=reinterpret pc=0x0000000002715e84 method=java.lang.String.trim()Ljava/lang/String; @ 44

Internal exceptions (9 events):
Event: 0.029 Thread 0x0000000002220800 Exception <a 'java/lang/NoSuchMethodError': Method sun.misc.Unsafe.defineClass(Ljava/lang/String;[BII)Ljava/lang/Class; name or signature does not match> (0x000000076b407cc0) thrown at [C:\re\workspace\8-2-build-windows-amd64-cygwin\jdk8u91\6644\hotspot\sr·c
H9€ù?
Event: 0.029 Thread 0x0000000002220800 Exception <a 'java/lang/NoSuchMethodError': Method sun.misc.Unsafe.prefetchRead(Ljava/lang/Object;J)V name or signature does not match> (0x000000076b407fa8) thrown at [C:\re\workspace\8-2-build-windows-amd64-cygwin\jdk8u91\6644\hotspot\src\share\vm\prims\j.ª‘‚=ƒ?
Event: 0.158 Thread 0x0000000002220800 Exception <a 'java/security/PrivilegedActionException'> (0x000000076b8542a8) thrown at [C:\re\workspace\8-2-build-windows-amd64-cygwin\jdk8u91\6644\hotspot\src\share\vm\prims\jvm.cpp, line 1386]
Event: 0.158 Thread 0x0000000002220800 Exception <a 'java/security/PrivilegedActionException'> (0x000000076b8544b8) thrown at [C:\re\workspace\8-2-build-windows-amd64-cygwin\jdk8u91\6644\hotspot\src\share\vm\prims\jvm.cpp, line 1386]
Event: 0.159 Thread 0x0000000002220800 Exception <a 'java/security/PrivilegedActionException'> (0x000000076b858060) thrown at [C:\re\workspace\8-2-build-windows-amd64-cygwin\jdk8u91\6644\hotspot\src\share\vm\prims\jvm.cpp, line 1386]
Event: 0.159 Thread 0x0000000002220800 Exception <a 'java/security/PrivilegedActionException'> (0x000000076b858270) thrown at [C:\re\workspace\8-2-build-windows-amd64-cygwin\jdk8u91\6644\hotspot\src\share\vm\prims\jvm.cpp, line 1386]
Event: 0.240 Thread 0x0000000002220800 Exception <a 'java/lang/NoSuchFieldError': method resolution failed> (0x000000076ba0f020) thrown at [C:\re\workspace\8-2-build-windows-amd64-cygwin\jdk8u91\6644\hotspot\src\share\vm\prims\methodHandles.cpp, line 1146]
Event: 0.242 Thread 0x0000000002220800 Exception <a 'java/lang/NoSuchFieldError': method resolution failed> (0x000000076ba1c740) thrown at [C:\re\workspace\8-2-build-windows-amd64-cygwin\jdk8u91\6644\hotspot\src\share\vm\prims\methodHandles.cpp, line 1146]
Event: 4.226 Thread 0x000000001dc23800 Implicit null exception at 0x00000000028e3f2d to 0x00000000028e89a9

Events (10 events):
Event: 3.244 Thread 0x000000001dc23800 DEOPT PACKING pc=0x00000000027e7a92 sp=0x000000001e6ae600
Event: 3.244 Thread 0x000000001dc23800 DEOPT UNPACKING pc=0x000000000236787f sp=0x000000001e6ae3b0 mode 0
Event: 3.268 Thread 0x000000001dc23800 DEOPT PACKING pc=0x00000000027f6b53 sp=0x000000001e6ae090
Event: 3.269 Thread 0x000000001dc23800 DEOPT UNPACKING pc=0x000000000236787f sp=0x000000001e6adea8 mode 0
Event: 3.477 loading class java/util/AbstractList$1
Event: 3.477 loading class java/util/AbstractList$1 done
Event: 3.477 Executing VM operation: ParallelGCFailedAllocation
Event: 3.486 Executing VM operation: ParallelGCFailedAllocation done
Event: 4.119 Executing VM operation: EnableBiasedLocking
Event: 4.119 Executing VM operation: EnableBiasedLocking done


Dynamic libraries:
0x00007ff6c0770000 - 0x00007ff6c07a7000 	C:\Program Files\Java\jre1.8.0_91\bin\java.exe
0x00007ffa89a50000 - 0x00007ffa89c11000 	C:\WINDOWS\SYSTEM32\ntdll.dll
0x00007ffa896e0000 - 0x00007ffa8978d000 	C:\WINDOWS\system32\KERNEL32.DLL
0x00007ffa86410000 - 0x00007ffa865f8000 	C:\WINDOWS\system32\KERNELBASE.dll
0x00007ffa897d0000 - 0x00007ffa89877000 	C:\WINDOWS\system32\ADVAPI32.dll
0x00007ffa872b0000 - 0x00007ffa8734d000 	C:\WINDOWS\system32\msvcrt.dll
0x00007ffa87480000 - 0x00007ffa874db000 	C:\WINDOWS\system32\sechost.dll
0x00007ffa87190000 - 0x00007ffa872ac000 	C:\WINDOWS\system32\RPCRT4.dll
0x00007ffa89260000 - 0x00007ffa893b6000 	C:\WINDOWS\system32\USER32.dll
0x00007ffa87000000 - 0x00007ffa87186000 	C:\WINDOWS\system32\GDI32.dll
0x00007ffa807a0000 - 0x00007ffa80a14000 	C:\WINDOWS\WinSxS\amd64_microsoft.windows.common-controls_6595b64144ccf1df_6.0.10586.0_none_8c15ae12515e1c22\COMCTL32.dll
0x00007ffa874f0000 - 0x00007ffa8776d000 	C:\WINDOWS\system32\combase.dll
0x00007ffa86d30000 - 0x00007ffa86d9a000 	C:\WINDOWS\system32\bcryptPrimitives.dll
0x00007ffa89790000 - 0x00007ffa897cb000 	C:\WINDOWS\system32\IMM32.DLL
0x00007ffa85f60000 - 0x00007ffa85f91000 	C:\WINDOWS\system32\nvinitx.dll
0x00007ffa85f50000 - 0x00007ffa85f5a000 	C:\WINDOWS\SYSTEM32\VERSION.dll
0x0000000069070000 - 0x0000000069076000 	C:\Program Files\NVIDIA Corporation\CoProcManager\_etoured.dll
0x00007ffa84970000 - 0x00007ffa849a3000 	C:\Program Files\NVIDIA Corporation\CoProcManager\nvd3d9wrapx.dll
0x00007ffa88e30000 - 0x00007ffa89259000 	C:\WINDOWS\system32\SETUPAPI.dll
0x00007ffa86da0000 - 0x00007ffa86de3000 	C:\WINDOWS\system32\CFGMGR32.dll
0x00007ffa83a40000 - 0x00007ffa83a62000 	C:\Program Files\NVIDIA Corporation\CoProcManager\nvdxgiwrapx.dll
0x0000000067470000 - 0x0000000067542000 	C:\Program Files\Java\jre1.8.0_91\bin\msvcr100.dll
0x0000000066bd0000 - 0x0000000067463000 	C:\Program Files\Java\jre1.8.0_91\bin\server\jvm.dll
0x00007ffa874e0000 - 0x00007ffa874e8000 	C:\WINDOWS\system32\PSAPI.DLL
0x00007ffa7c160000 - 0x00007ffa7c169000 	C:\WINDOWS\SYSTEM32\WSOCK32.dll
0x00007ffa84610000 - 0x00007ffa84633000 	C:\WINDOWS\SYSTEM32\WINMM.dll
0x00007ffa89480000 - 0x00007ffa894eb000 	C:\WINDOWS\system32\WS2_32.dll
0x0000000002040000 - 0x000000000206c000 	C:\WINDOWS\SYSTEM32\WINMMBASE.dll
0x0000000066bc0000 - 0x0000000066bcf000 	C:\Program Files\Java\jre1.8.0_91\bin\verify.dll
0x0000000066b90000 - 0x0000000066bb9000 	C:\Program Files\Java\jre1.8.0_91\bin\java.dll
0x0000000066b70000 - 0x0000000066b86000 	C:\Program Files\Java\jre1.8.0_91\bin\zip.dll
0x00007ffa878d0000 - 0x00007ffa88e2c000 	C:\WINDOWS\system32\SHELL32.dll
0x00007ffa86620000 - 0x00007ffa86c64000 	C:\WINDOWS\system32\windows.storage.dll
0x00007ffa899f0000 - 0x00007ffa89a42000 	C:\WINDOWS\system32\shlwapi.dll
0x00007ffa860f0000 - 0x00007ffa860ff000 	C:\WINDOWS\system32\kernel.appcore.dll
0x00007ffa86c70000 - 0x00007ffa86d25000 	C:\WINDOWS\system32\shcore.dll
0x00007ffa86090000 - 0x00007ffa860db000 	C:\WINDOWS\system32\powrprof.dll
0x00007ffa86070000 - 0x00007ffa86084000 	C:\WINDOWS\system32\profapi.dll
0x0000000517c70000 - 0x0000000517c89000 	C:\Users\Jonathan\Documents\ArchShare\src\Java\Octane_SDK_Java_1_22_0\CRFIDVirus\CRFIDVirus.dll
0x0000000180040000 - 0x0000000180630000 	C:\cygwin64\bin\cygwin1.dll
0x0000000066b50000 - 0x0000000066b6a000 	C:\Program Files\Java\jre1.8.0_91\bin\net.dll
0x00007ffa858f0000 - 0x00007ffa8594c000 	C:\WINDOWS\system32\mswsock.dll
0x0000000066b30000 - 0x0000000066b41000 	C:\Program Files\Java\jre1.8.0_91\bin\nio.dll
0x00007ffa859a0000 - 0x00007ffa859b7000 	C:\WINDOWS\SYSTEM32\CRYPTSP.dll
0x00007ffa85630000 - 0x00007ffa85664000 	C:\WINDOWS\system32\rsaenh.dll
0x00007ffa85fb0000 - 0x00007ffa85fd9000 	C:\WINDOWS\SYSTEM32\bcrypt.dll
0x00007ffa85780000 - 0x00007ffa8579f000 	C:\WINDOWS\SYSTEM32\USERENV.dll
0x00007ffa85ac0000 - 0x00007ffa85acb000 	C:\WINDOWS\SYSTEM32\CRYPTBASE.dll
0x00007ffa7e650000 - 0x00007ffa7e7dc000 	C:\WINDOWS\SYSTEM32\dbghelp.dll

VM Arguments:
jvm_args: -Dhostname=169.254.18.118 -Djava.library.path=. 
java_command: CRFIDVirus
java_class_path (initial): ../lib/OctaneSDKJava-1.22.0.30-jar-with-dependencies.jar;.
Launcher Type: SUN_STANDARD

Environment Variables:
PATH=C:\cygwin64\usr\local\bin;C:\cygwin64\bin;C:\ProgramData\Oracle\Java\javapath;C:\Python34;C:\Python34\Scripts;C:\Windows\system32;C:\Windows;C:\Windows\System32\Wbem;C:\Windows\System32\WindowsPowerShell\v1.0;C:\Program Files (x86)\NVIDIA Corporation\PhysX\Common;C:\Program Files (x86)\Windows Kits\8.1\Windows Performance Toolkit;C:\Program Files\Microsoft SQL Server\110\Tools\Binn;C:\Program Files (x86)\Microsoft SDKs\TypeScript\1.0;C:\Program Files\Microsoft SQL Server\120\Tools\Binn;C:\WINDOWS\system32;C:\WINDOWS;C:\WINDOWS\System32\Wbem;C:\WINDOWS\System32\WindowsPowerShell\v1.0;C:\Program Files\TortoiseSVN\bin;C:\texlive\2015\bin\win32;C:\Program Files (x86)\Skype\Phone;C:\Users\Jonathan\AppData\Local\atom\bin;C:\Program Files (x86)\Nmap
USERNAME=Jonathan
SHELL=/bin/zsh
OS=Windows_NT
PROCESSOR_IDENTIFIER=Intel64 Family 6 Model 58 Stepping 9, GenuineIntel



---------------  S Y S T E M  ---------------

OS: Windows 10.0 , 64 bit Build 10586 (10.0.10586.0)

CPU:total 4 (2 cores per cpu, 2 threads per core) family 6 model 58 stepping 9, cmov, cx8, fxsr, mmx, sse, sse2, sse3, ssse3, sse4.1, sse4.2, popcnt, avx, aes, clmul, erms, ht, tsc, tscinvbit, tscinv

Memory: 4k page, physical 16659952k(9721192k free), swap 19150320k(10826384k free)

vm_info: Java HotSpot(TM) 64-Bit Server VM (25.91-b14) for windows-amd64 JRE (1.8.0_91-b14), built on Apr  1 2016 00:58:32 by "java_re" with MS VC++ 10.0 (VS2010)

time: Fri Jun 10 01:00:30 2016
elapsed time: 4 seconds (0d 0h 0m 4s)

