
**** Build of configuration Debug for project accelDemo ****

"C:\\ti\\ccsv6\\utils\\bin\\gmake" -k all 
'Building file: ../catchall.c'
'Invoking: MSP430 Compiler'
"C:/ti/ccsv6/tools/compiler/ti-cgt-msp430_15.12.1.LTS/bin/cl430" -vmspx --abi=eabi --data_model=restricted --include_path="C:/ti/ccsv6/ccs_base/msp430/include" --include_path="C:/Users/Jonathan/Documents/ArchShare/Uni/MWN-WISP5/wisp5/CCS/wisp-base" --include_path="C:/ti/ccsv6/tools/compiler/ti-cgt-msp430_15.12.1.LTS/include" --advice:power=all --advice:hw_config=1 -g --define=__MSP430FR5969__ --diag_warning=225 --display_error_number --diag_wrap=off --silicon_errata=CPU21 --silicon_errata=CPU22 --silicon_errata=CPU40 --printf_support=minimal --preproc_with_compile --preproc_dependency="catchall.d"  "../catchall.c"
'Finished building: ../catchall.c'
' '
'Building file: ../isr-link.asm'
'Invoking: MSP430 Compiler'
"C:/ti/ccsv6/tools/compiler/ti-cgt-msp430_15.12.1.LTS/bin/cl430" -vmspx --abi=eabi --data_model=restricted --include_path="C:/ti/ccsv6/ccs_base/msp430/include" --include_path="C:/Users/Jonathan/Documents/ArchShare/Uni/MWN-WISP5/wisp5/CCS/wisp-base" --include_path="C:/ti/ccsv6/tools/compiler/ti-cgt-msp430_15.12.1.LTS/include" --advice:power=all --advice:hw_config=1 -g --define=__MSP430FR5969__ --diag_warning=225 --display_error_number --diag_wrap=off --silicon_errata=CPU21 --silicon_errata=CPU22 --silicon_errata=CPU40 --printf_support=minimal --preproc_with_compile --preproc_dependency="isr-link.d"  "../isr-link.asm"
'Finished building: ../isr-link.asm'
' '
'Building file: ../main.c'
'Invoking: MSP430 Compiler'
"C:/ti/ccsv6/tools/compiler/ti-cgt-msp430_15.12.1.LTS/bin/cl430" -vmspx --abi=eabi --data_model=restricted --include_path="C:/ti/ccsv6/ccs_base/msp430/include" --include_path="C:/Users/Jonathan/Documents/ArchShare/Uni/MWN-WISP5/wisp5/CCS/wisp-base" --include_path="C:/ti/ccsv6/tools/compiler/ti-cgt-msp430_15.12.1.LTS/include" --advice:power=all --advice:hw_config=1 -g --define=__MSP430FR5969__ --diag_warning=225 --display_error_number --diag_wrap=off --silicon_errata=CPU21 --silicon_errata=CPU22 --silicon_errata=CPU40 --printf_support=minimal --preproc_with_compile --preproc_dependency="main.d"  "../main.c"
"../main.c", line 86: remark #1546-D: (ULP 15.1) Detected consecutive bitfield assigns. Recommend using bit mask instead
"../main.c", line 87: remark #1546-D: (ULP 15.1) Detected consecutive bitfield assigns. Recommend using bit mask instead
'Finished building: ../main.c'
' '
'Building target: accelDemo.out'
'Invoking: MSP430 Linker'
"C:/ti/ccsv6/tools/compiler/ti-cgt-msp430_15.12.1.LTS/bin/cl430" -vmspx --abi=eabi --data_model=restricted --advice:power=all --advice:hw_config=1 -g --define=__MSP430FR5969__ --diag_warning=225 --display_error_number --diag_wrap=off --silicon_errata=CPU21 --silicon_errata=CPU22 --silicon_errata=CPU40 --printf_support=minimal -z -m"accelDemo.map" --heap_size=160 --stack_size=160 --use_hw_mpy=F5 --cinit_hold_wdt=on -i"C:/ti/ccsv6/ccs_base/msp430/include" -i"C:/ti/ccsv6/tools/compiler/ti-cgt-msp430_15.12.1.LTS/lib" -i"C:/ti/ccsv6/tools/compiler/ti-cgt-msp430_15.12.1.LTS/include" -i"C:/ti/ccsv6/ccs_base/msp430/lib/5xx_6xx_FRxx" -i"C:/ti/ccsv6/ccs_base/msp430/lib/FR59xx" --reread_libs --priority --warn_sections --display_error_number --diag_wrap=off --xml_link_info="accelDemo_linkInfo.xml" --rom_model -o "accelDemo.out" "./catchall.obj" "./isr-link.obj" "./main.obj" "../lnk_msp430fr5969.cmd"  -llibc.a -l"C:/Users/Jonathan/Documents/ArchShare/Uni/MWN-WISP5/wisp5/CCS/wisp-base/build/wisp-base.lib" -llibmath.a 
<Linking>
remark #10371-D: (ULP 1.1) Detected no uses of low power mode state changing instructions
'Finished building target: accelDemo.out'
' '

**** Build Finished ****
